0 verbose cli C:\Program Files\nodejs\node.exe C:\Users\hp\AppData\Roaming\npm\node_modules\npm\bin\npm-cli.js
1 info using npm@11.5.1
2 info using node@v22.16.0
3 silly config load:file:C:\Users\hp\AppData\Roaming\npm\node_modules\npm\npmrc
4 silly config load:file:C:\Users\hp\Desktop\node-express-course\02-express-tutorial\.npmrc
5 silly config load:file:C:\Users\hp\.npmrc
6 silly config load:file:C:\Users\hp\AppData\Roaming\npm\etc\npmrc
7 verbose title npm install
8 verbose argv "install"
9 verbose logfile logs-max:10 dir:C:\Users\hp\Desktop\node-express-course\02-express-tutorial\UsershpAppDataLocalTempnpm-cache\_logs\2025-08-10T15_06_24_706Z-
10 verbose logfile C:\Users\hp\Desktop\node-express-course\02-express-tutorial\UsershpAppDataLocalTempnpm-cache\_logs\2025-08-10T15_06_24_706Z-debug-0.log
11 silly logfile done cleaning log files
12 silly packumentCache heap:2197815296 maxSize:549453824 maxEntrySize:274726912
13 silly idealTree buildDeps
14 silly reify moves {}
15 silly audit bulk request {
15 silly audit   '@sindresorhus/is': [ '0.14.0' ],
15 silly audit   '@szmarczak/http-timer': [ '1.1.2' ],
15 silly audit   abbrev: [ '1.1.1' ],
15 silly audit   accepts: [ '1.3.7' ],
15 silly audit   'ansi-align': [ '3.0.0' ],
15 silly audit   'ansi-regex': [ '4.1.0', '5.0.0' ],
15 silly audit   'emoji-regex': [ '7.0.3', '8.0.0' ],
15 silly audit   'is-fullwidth-code-point': [ '2.0.0', '3.0.0' ],
15 silly audit   'string-width': [ '3.1.0', '4.2.2' ],
15 silly audit   'strip-ansi': [ '5.2.0', '6.0.0' ],
15 silly audit   'ansi-styles': [ '4.3.0' ],
15 silly audit   anymatch: [ '3.1.1' ],
15 silly audit   'array-flatten': [ '1.1.1' ],
15 silly audit   'balanced-match': [ '1.0.0' ],
15 silly audit   'binary-extensions': [ '2.2.0' ],
15 silly audit   'body-parser': [ '1.19.0' ],
15 silly audit   debug: [ '2.6.9', '3.2.7' ],
15 silly audit   ms: [ '2.0.0', '2.1.3', '2.1.1' ],
15 silly audit   boxen: [ '4.2.0' ],
15 silly audit   'brace-expansion': [ '1.1.11' ],
15 silly audit   braces: [ '3.0.2' ],
15 silly audit   bytes: [ '3.1.0' ],
15 silly audit   'cacheable-request': [ '6.1.0' ],
15 silly audit   'get-stream': [ '5.2.0', '4.1.0' ],
15 silly audit   'lowercase-keys': [ '2.0.0', '1.0.1' ],
15 silly audit   camelcase: [ '5.3.1' ],
15 silly audit   chalk: [ '3.0.0' ],
15 silly audit   'has-flag': [ '4.0.0', '3.0.0' ],
15 silly audit   'supports-color': [ '7.2.0', '5.5.0' ],
15 silly audit   chokidar: [ '3.5.1' ],
15 silly audit   'ci-info': [ '2.0.0' ],
15 silly audit   'cli-boxes': [ '2.2.1' ],
15 silly audit   'clone-response': [ '1.0.2' ],
15 silly audit   'color-convert': [ '2.0.1' ],
15 silly audit   'color-name': [ '1.1.4' ],
15 silly audit   'concat-map': [ '0.0.1' ],
15 silly audit   configstore: [ '5.0.1' ],
15 silly audit   'content-disposition': [ '0.5.3' ],
15 silly audit   'content-type': [ '1.0.4' ],
15 silly audit   cookie: [ '0.4.0' ],
15 silly audit   'cookie-signature': [ '1.0.6' ],
15 silly audit   'crypto-random-string': [ '2.0.0' ],
15 silly audit   'decompress-response': [ '3.3.0' ],
15 silly audit   'deep-extend': [ '0.6.0' ],
15 silly audit   'defer-to-connect': [ '1.1.3' ],
15 silly audit   depd: [ '1.1.2' ],
15 silly audit   destroy: [ '1.0.4' ],
15 silly audit   'dot-prop': [ '5.3.0' ],
15 silly audit   duplexer3: [ '0.1.4' ],
15 silly audit   'ee-first': [ '1.1.1' ],
15 silly audit   encodeurl: [ '1.0.2' ],
15 silly audit   'end-of-stream': [ '1.4.4' ],
15 silly audit   'escape-goat': [ '2.1.1' ],
15 silly audit   'escape-html': [ '1.0.3' ],
15 silly audit   etag: [ '1.8.1' ],
15 silly audit   express: [ '4.17.1' ],
15 silly audit   'fill-range': [ '7.0.1' ],
15 silly audit   finalhandler: [ '1.1.2' ],
15 silly audit   forwarded: [ '0.1.2' ],
15 silly audit   fresh: [ '0.5.2' ],
15 silly audit   fsevents: [ '2.3.2' ],
15 silly audit   'glob-parent': [ '5.1.1' ],
15 silly audit   'global-dirs': [ '2.1.0' ],
15 silly audit   got: [ '9.6.0' ],
15 silly audit   'graceful-fs': [ '4.2.6' ],
15 silly audit   'has-yarn': [ '2.1.0' ],
15 silly audit   'http-cache-semantics': [ '4.1.0' ],
15 silly audit   'http-errors': [ '1.7.2' ],
15 silly audit   'iconv-lite': [ '0.4.24' ],
15 silly audit   'ignore-by-default': [ '1.0.1' ],
15 silly audit   'import-lazy': [ '2.1.0' ],
15 silly audit   imurmurhash: [ '0.1.4' ],
15 silly audit   inherits: [ '2.0.3' ],
15 silly audit   ini: [ '1.3.7' ],
15 silly audit   'ipaddr.js': [ '1.9.1' ],
15 silly audit   'is-binary-path': [ '2.1.0' ],
15 silly audit   'is-ci': [ '2.0.0' ],
15 silly audit   'is-extglob': [ '2.1.1' ],
15 silly audit   'is-glob': [ '4.0.1' ],
15 silly audit   'is-installed-globally': [ '0.3.2' ],
15 silly audit   'is-npm': [ '4.0.0' ],
15 silly audit   'is-number': [ '7.0.0' ],
15 silly audit   'is-obj': [ '2.0.0' ],
15 silly audit   'is-path-inside': [ '3.0.2' ],
15 silly audit   'is-typedarray': [ '1.0.0' ],
15 silly audit   'is-yarn-global': [ '0.3.0' ],
15 silly audit   'json-buffer': [ '3.0.0' ],
15 silly audit   keyv: [ '3.1.0' ],
15 silly audit   'latest-version': [ '5.1.0' ],
15 silly audit   'make-dir': [ '3.1.0' ],
15 silly audit   semver: [ '6.3.0', '5.7.1' ],
15 silly audit   'media-typer': [ '0.3.0' ],
15 silly audit   'merge-descriptors': [ '1.0.1' ],
15 silly audit   methods: [ '1.1.2' ],
15 silly audit   mime: [ '1.6.0' ],
15 silly audit   'mime-db': [ '1.46.0' ],
15 silly audit   'mime-types': [ '2.1.29' ],
15 silly audit   'mimic-response': [ '1.0.1' ],
15 silly audit   minimatch: [ '3.0.4' ],
15 silly audit   minimist: [ '1.2.5' ],
15 silly audit   negotiator: [ '0.6.2' ],
15 silly audit   nodemon: [ '2.0.7' ],
15 silly audit   nopt: [ '1.0.10' ],
15 silly audit   'normalize-path': [ '3.0.0' ],
15 silly audit   'normalize-url': [ '4.5.0' ],
15 silly audit   'on-finished': [ '2.3.0' ],
15 silly audit   once: [ '1.4.0' ],
15 silly audit   'p-cancelable': [ '1.1.0' ],
15 silly audit   'package-json': [ '6.5.0' ],
15 silly audit   parseurl: [ '1.3.3' ],
15 silly audit   'path-to-regexp': [ '0.1.7' ],
15 silly audit   picomatch: [ '2.2.2' ],
15 silly audit   'prepend-http': [ '2.0.0' ],
15 silly audit   'proxy-addr': [ '2.0.6' ],
15 silly audit   'pstree.remy': [ '1.1.8' ],
15 silly audit   pump: [ '3.0.0' ],
15 silly audit   pupa: [ '2.1.1' ],
15 silly audit   qs: [ '6.7.0' ],
15 silly audit   'range-parser': [ '1.2.1' ],
15 silly audit   'raw-body': [ '2.4.0' ],
15 silly audit   rc: [ '1.2.8' ],
15 silly audit   readdirp: [ '3.5.0' ],
15 silly audit   'registry-auth-token': [ '4.2.1' ],
15 silly audit   'registry-url': [ '5.1.0' ],
15 silly audit   responselike: [ '1.0.2' ],
15 silly audit   'safe-buffer': [ '5.1.2' ],
15 silly audit   'safer-buffer': [ '2.1.2' ],
15 silly audit   'semver-diff': [ '3.1.1' ],
15 silly audit   send: [ '0.17.1' ],
15 silly audit   'serve-static': [ '1.14.1' ],
15 silly audit   setprototypeof: [ '1.1.1' ],
15 silly audit   'signal-exit': [ '3.0.3' ],
15 silly audit   statuses: [ '1.5.0' ],
15 silly audit   'strip-json-comments': [ '2.0.1' ],
15 silly audit   'term-size': [ '2.2.1' ],
15 silly audit   'to-readable-stream': [ '1.0.0' ],
15 silly audit   'to-regex-range': [ '5.0.1' ],
15 silly audit   toidentifier: [ '1.0.0' ],
15 silly audit   touch: [ '3.1.0' ],
15 silly audit   'type-fest': [ '0.8.1' ],
15 silly audit   'type-is': [ '1.6.18' ],
15 silly audit   'typedarray-to-buffer': [ '3.1.5' ],
15 silly audit   undefsafe: [ '2.0.3' ],
15 silly audit   'unique-string': [ '2.0.0' ],
15 silly audit   unpipe: [ '1.0.0' ],
15 silly audit   'update-notifier': [ '4.1.3' ],
15 silly audit   'url-parse-lax': [ '3.0.0' ],
15 silly audit   'utils-merge': [ '1.0.1' ],
15 silly audit   vary: [ '1.1.2' ],
15 silly audit   'widest-line': [ '3.1.0' ],
15 silly audit   wrappy: [ '1.0.2' ],
15 silly audit   'write-file-atomic': [ '3.0.3' ],
15 silly audit   'xdg-basedir': [ '4.0.0' ]
15 silly audit }
16 verbose reify failed optional dependency C:\Users\hp\Desktop\node-express-course\02-express-tutorial\node_modules\fsevents
17 silly reify mark deleted [
17 silly reify   'C:\\Users\\hp\\Desktop\\node-express-course\\02-express-tutorial\\node_modules\\fsevents'
17 silly reify ]
18 http cache xdg-basedir@https://registry.npmjs.org/xdg-basedir/-/xdg-basedir-4.0.0.tgz 8ms (cache hit)
19 http cache write-file-atomic@https://registry.npmjs.org/write-file-atomic/-/write-file-atomic-3.0.3.tgz 0ms (cache hit)
20 http cache wrappy@https://registry.npmjs.org/wrappy/-/wrappy-1.0.2.tgz 0ms (cache hit)
21 http cache widest-line@https://registry.npmjs.org/widest-line/-/widest-line-3.1.0.tgz 0ms (cache hit)
22 http cache utils-merge@https://registry.npmjs.org/utils-merge/-/utils-merge-1.0.1.tgz 0ms (cache hit)
23 http cache vary@https://registry.npmjs.org/vary/-/vary-1.1.2.tgz 0ms (cache hit)
24 http cache url-parse-lax@https://registry.npmjs.org/url-parse-lax/-/url-parse-lax-3.0.0.tgz 0ms (cache hit)
25 http cache update-notifier@https://registry.npmjs.org/update-notifier/-/update-notifier-4.1.3.tgz 0ms (cache hit)
26 http cache unpipe@https://registry.npmjs.org/unpipe/-/unpipe-1.0.0.tgz 0ms (cache hit)
27 http cache undefsafe@https://registry.npmjs.org/undefsafe/-/undefsafe-2.0.3.tgz 1ms (cache hit)
28 http cache unique-string@https://registry.npmjs.org/unique-string/-/unique-string-2.0.0.tgz 0ms (cache hit)
29 http cache type-fest@https://registry.npmjs.org/type-fest/-/type-fest-0.8.1.tgz 0ms (cache hit)
30 http cache type-is@https://registry.npmjs.org/type-is/-/type-is-1.6.18.tgz 0ms (cache hit)
31 http cache typedarray-to-buffer@https://registry.npmjs.org/typedarray-to-buffer/-/typedarray-to-buffer-3.1.5.tgz 0ms (cache hit)
32 http cache toidentifier@https://registry.npmjs.org/toidentifier/-/toidentifier-1.0.0.tgz 0ms (cache hit)
33 http cache touch@https://registry.npmjs.org/touch/-/touch-3.1.0.tgz 0ms (cache hit)
34 http cache to-readable-stream@https://registry.npmjs.org/to-readable-stream/-/to-readable-stream-1.0.0.tgz 0ms (cache hit)
35 http cache to-regex-range@https://registry.npmjs.org/to-regex-range/-/to-regex-range-5.0.1.tgz 0ms (cache hit)
36 http cache term-size@https://registry.npmjs.org/term-size/-/term-size-2.2.1.tgz 0ms (cache hit)
37 http cache strip-json-comments@https://registry.npmjs.org/strip-json-comments/-/strip-json-comments-2.0.1.tgz 0ms (cache hit)
38 http cache strip-ansi@https://registry.npmjs.org/strip-ansi/-/strip-ansi-6.0.0.tgz 0ms (cache hit)
39 http cache string-width@https://registry.npmjs.org/string-width/-/string-width-4.2.2.tgz 0ms (cache hit)
40 http cache supports-color@https://registry.npmjs.org/supports-color/-/supports-color-5.5.0.tgz 0ms (cache hit)
41 http cache statuses@https://registry.npmjs.org/statuses/-/statuses-1.5.0.tgz 0ms (cache hit)
42 http cache signal-exit@https://registry.npmjs.org/signal-exit/-/signal-exit-3.0.3.tgz 0ms (cache hit)
43 http cache serve-static@https://registry.npmjs.org/serve-static/-/serve-static-1.14.1.tgz 0ms (cache hit)
44 http cache setprototypeof@https://registry.npmjs.org/setprototypeof/-/setprototypeof-1.1.1.tgz 0ms (cache hit)
45 http cache send@https://registry.npmjs.org/send/-/send-0.17.1.tgz 0ms (cache hit)
46 http cache semver-diff@https://registry.npmjs.org/semver-diff/-/semver-diff-3.1.1.tgz 0ms (cache hit)
47 http cache safer-buffer@https://registry.npmjs.org/safer-buffer/-/safer-buffer-2.1.2.tgz 0ms (cache hit)
48 http cache semver@https://registry.npmjs.org/semver/-/semver-5.7.1.tgz 0ms (cache hit)
49 http cache safe-buffer@https://registry.npmjs.org/safe-buffer/-/safe-buffer-5.1.2.tgz 0ms (cache hit)
50 http cache responselike@https://registry.npmjs.org/responselike/-/responselike-1.0.2.tgz 0ms (cache hit)
51 http cache registry-url@https://registry.npmjs.org/registry-url/-/registry-url-5.1.0.tgz 0ms (cache hit)
52 http cache registry-auth-token@https://registry.npmjs.org/registry-auth-token/-/registry-auth-token-4.2.1.tgz 0ms (cache hit)
53 http cache readdirp@https://registry.npmjs.org/readdirp/-/readdirp-3.5.0.tgz 0ms (cache hit)
54 http cache rc@https://registry.npmjs.org/rc/-/rc-1.2.8.tgz 0ms (cache hit)
55 http cache pump@https://registry.npmjs.org/pump/-/pump-3.0.0.tgz 0ms (cache hit)
56 http cache pstree.remy@https://registry.npmjs.org/pstree.remy/-/pstree.remy-1.1.8.tgz 0ms (cache hit)
57 http cache raw-body@https://registry.npmjs.org/raw-body/-/raw-body-2.4.0.tgz 0ms (cache hit)
58 http cache pupa@https://registry.npmjs.org/pupa/-/pupa-2.1.1.tgz 0ms (cache hit)
59 http cache proxy-addr@https://registry.npmjs.org/proxy-addr/-/proxy-addr-2.0.6.tgz 0ms (cache hit)
60 http cache range-parser@https://registry.npmjs.org/range-parser/-/range-parser-1.2.1.tgz 0ms (cache hit)
61 http cache prepend-http@https://registry.npmjs.org/prepend-http/-/prepend-http-2.0.0.tgz 0ms (cache hit)
62 http cache parseurl@https://registry.npmjs.org/parseurl/-/parseurl-1.3.3.tgz 0ms (cache hit)
63 http cache package-json@https://registry.npmjs.org/package-json/-/package-json-6.5.0.tgz 0ms (cache hit)
64 http cache picomatch@https://registry.npmjs.org/picomatch/-/picomatch-2.2.2.tgz 0ms (cache hit)
65 http cache path-to-regexp@https://registry.npmjs.org/path-to-regexp/-/path-to-regexp-0.1.7.tgz 0ms (cache hit)
66 http cache p-cancelable@https://registry.npmjs.org/p-cancelable/-/p-cancelable-1.1.0.tgz 0ms (cache hit)
67 http cache qs@https://registry.npmjs.org/qs/-/qs-6.7.0.tgz 0ms (cache hit)
68 http cache normalize-url@https://registry.npmjs.org/normalize-url/-/normalize-url-4.5.0.tgz 0ms (cache hit)
69 http cache once@https://registry.npmjs.org/once/-/once-1.4.0.tgz 0ms (cache hit)
70 http cache normalize-path@https://registry.npmjs.org/normalize-path/-/normalize-path-3.0.0.tgz 0ms (cache hit)
71 http cache on-finished@https://registry.npmjs.org/on-finished/-/on-finished-2.3.0.tgz 0ms (cache hit)
72 http cache nopt@https://registry.npmjs.org/nopt/-/nopt-1.0.10.tgz 0ms (cache hit)
73 http cache negotiator@https://registry.npmjs.org/negotiator/-/negotiator-0.6.2.tgz 0ms (cache hit)
74 http cache nodemon@https://registry.npmjs.org/nodemon/-/nodemon-2.0.7.tgz 0ms (cache hit)
75 http cache ms@https://registry.npmjs.org/ms/-/ms-2.1.3.tgz 0ms (cache hit)
76 http cache minimist@https://registry.npmjs.org/minimist/-/minimist-1.2.5.tgz 0ms (cache hit)
77 http cache minimatch@https://registry.npmjs.org/minimatch/-/minimatch-3.0.4.tgz 0ms (cache hit)
78 http cache mime-types@https://registry.npmjs.org/mime-types/-/mime-types-2.1.29.tgz 1ms (cache hit)
79 http cache mimic-response@https://registry.npmjs.org/mimic-response/-/mimic-response-1.0.1.tgz 0ms (cache hit)
80 http cache mime-db@https://registry.npmjs.org/mime-db/-/mime-db-1.46.0.tgz 0ms (cache hit)
81 http cache methods@https://registry.npmjs.org/methods/-/methods-1.1.2.tgz 0ms (cache hit)
82 http cache mime@https://registry.npmjs.org/mime/-/mime-1.6.0.tgz 0ms (cache hit)
83 http cache merge-descriptors@https://registry.npmjs.org/merge-descriptors/-/merge-descriptors-1.0.1.tgz 0ms (cache hit)
84 http cache media-typer@https://registry.npmjs.org/media-typer/-/media-typer-0.3.0.tgz 0ms (cache hit)
85 http cache make-dir@https://registry.npmjs.org/make-dir/-/make-dir-3.1.0.tgz 0ms (cache hit)
86 http cache lowercase-keys@https://registry.npmjs.org/lowercase-keys/-/lowercase-keys-1.0.1.tgz 0ms (cache hit)
87 http cache keyv@https://registry.npmjs.org/keyv/-/keyv-3.1.0.tgz 0ms (cache hit)
88 http cache latest-version@https://registry.npmjs.org/latest-version/-/latest-version-5.1.0.tgz 0ms (cache hit)
89 http cache json-buffer@https://registry.npmjs.org/json-buffer/-/json-buffer-3.0.0.tgz 0ms (cache hit)
90 http cache is-yarn-global@https://registry.npmjs.org/is-yarn-global/-/is-yarn-global-0.3.0.tgz 0ms (cache hit)
91 http cache is-typedarray@https://registry.npmjs.org/is-typedarray/-/is-typedarray-1.0.0.tgz 0ms (cache hit)
92 http cache is-path-inside@https://registry.npmjs.org/is-path-inside/-/is-path-inside-3.0.2.tgz 0ms (cache hit)
93 http cache is-obj@https://registry.npmjs.org/is-obj/-/is-obj-2.0.0.tgz 0ms (cache hit)
94 http cache is-number@https://registry.npmjs.org/is-number/-/is-number-7.0.0.tgz 0ms (cache hit)
95 http cache is-npm@https://registry.npmjs.org/is-npm/-/is-npm-4.0.0.tgz 0ms (cache hit)
96 http cache is-installed-globally@https://registry.npmjs.org/is-installed-globally/-/is-installed-globally-0.3.2.tgz 0ms (cache hit)
97 http cache is-glob@https://registry.npmjs.org/is-glob/-/is-glob-4.0.1.tgz 0ms (cache hit)
98 http cache is-fullwidth-code-point@https://registry.npmjs.org/is-fullwidth-code-point/-/is-fullwidth-code-point-3.0.0.tgz 7ms (cache hit)
99 http cache is-extglob@https://registry.npmjs.org/is-extglob/-/is-extglob-2.1.1.tgz 0ms (cache hit)
100 http cache is-ci@https://registry.npmjs.org/is-ci/-/is-ci-2.0.0.tgz 0ms (cache hit)
101 http cache is-binary-path@https://registry.npmjs.org/is-binary-path/-/is-binary-path-2.1.0.tgz 0ms (cache hit)
102 http cache ipaddr.js@https://registry.npmjs.org/ipaddr.js/-/ipaddr.js-1.9.1.tgz 0ms (cache hit)
103 http cache ini@https://registry.npmjs.org/ini/-/ini-1.3.7.tgz 0ms (cache hit)
104 http cache imurmurhash@https://registry.npmjs.org/imurmurhash/-/imurmurhash-0.1.4.tgz 0ms (cache hit)
105 http cache inherits@https://registry.npmjs.org/inherits/-/inherits-2.0.3.tgz 0ms (cache hit)
106 http cache ignore-by-default@https://registry.npmjs.org/ignore-by-default/-/ignore-by-default-1.0.1.tgz 0ms (cache hit)
107 http cache iconv-lite@https://registry.npmjs.org/iconv-lite/-/iconv-lite-0.4.24.tgz 0ms (cache hit)
108 http cache import-lazy@https://registry.npmjs.org/import-lazy/-/import-lazy-2.1.0.tgz 0ms (cache hit)
109 http cache http-errors@https://registry.npmjs.org/http-errors/-/http-errors-1.7.2.tgz 0ms (cache hit)
110 http cache http-cache-semantics@https://registry.npmjs.org/http-cache-semantics/-/http-cache-semantics-4.1.0.tgz 0ms (cache hit)
111 http cache has-yarn@https://registry.npmjs.org/has-yarn/-/has-yarn-2.1.0.tgz 0ms (cache hit)
112 http cache graceful-fs@https://registry.npmjs.org/graceful-fs/-/graceful-fs-4.2.6.tgz 0ms (cache hit)
113 http cache has-flag@https://registry.npmjs.org/has-flag/-/has-flag-3.0.0.tgz 0ms (cache hit)
114 http cache got@https://registry.npmjs.org/got/-/got-9.6.0.tgz 0ms (cache hit)
115 http cache global-dirs@https://registry.npmjs.org/global-dirs/-/global-dirs-2.1.0.tgz 0ms (cache hit)
116 http cache glob-parent@https://registry.npmjs.org/glob-parent/-/glob-parent-5.1.1.tgz 0ms (cache hit)
117 http cache get-stream@https://registry.npmjs.org/get-stream/-/get-stream-4.1.0.tgz 0ms (cache hit)
118 http cache fresh@https://registry.npmjs.org/fresh/-/fresh-0.5.2.tgz 1ms (cache hit)
119 http cache forwarded@https://registry.npmjs.org/forwarded/-/forwarded-0.1.2.tgz 0ms (cache hit)
120 http cache express@https://registry.npmjs.org/express/-/express-4.17.1.tgz 0ms (cache hit)
121 http cache etag@https://registry.npmjs.org/etag/-/etag-1.8.1.tgz 0ms (cache hit)
122 http cache finalhandler@https://registry.npmjs.org/finalhandler/-/finalhandler-1.1.2.tgz 0ms (cache hit)
123 http cache fill-range@https://registry.npmjs.org/fill-range/-/fill-range-7.0.1.tgz 0ms (cache hit)
124 http cache escape-html@https://registry.npmjs.org/escape-html/-/escape-html-1.0.3.tgz 0ms (cache hit)
125 http cache end-of-stream@https://registry.npmjs.org/end-of-stream/-/end-of-stream-1.4.4.tgz 0ms (cache hit)
126 http cache escape-goat@https://registry.npmjs.org/escape-goat/-/escape-goat-2.1.1.tgz 0ms (cache hit)
127 http cache encodeurl@https://registry.npmjs.org/encodeurl/-/encodeurl-1.0.2.tgz 0ms (cache hit)
128 http cache emoji-regex@https://registry.npmjs.org/emoji-regex/-/emoji-regex-8.0.0.tgz 0ms (cache hit)
129 http cache ee-first@https://registry.npmjs.org/ee-first/-/ee-first-1.1.1.tgz 0ms (cache hit)
130 http cache destroy@https://registry.npmjs.org/destroy/-/destroy-1.0.4.tgz 1ms (cache hit)
131 http cache duplexer3@https://registry.npmjs.org/duplexer3/-/duplexer3-0.1.4.tgz 0ms (cache hit)
132 http cache dot-prop@https://registry.npmjs.org/dot-prop/-/dot-prop-5.3.0.tgz 0ms (cache hit)
133 http cache deep-extend@https://registry.npmjs.org/deep-extend/-/deep-extend-0.6.0.tgz 0ms (cache hit)
134 http cache decompress-response@https://registry.npmjs.org/decompress-response/-/decompress-response-3.3.0.tgz 0ms (cache hit)
135 http cache depd@https://registry.npmjs.org/depd/-/depd-1.1.2.tgz 0ms (cache hit)
136 http cache defer-to-connect@https://registry.npmjs.org/defer-to-connect/-/defer-to-connect-1.1.3.tgz 0ms (cache hit)
137 http cache debug@https://registry.npmjs.org/debug/-/debug-3.2.7.tgz 0ms (cache hit)
138 http cache crypto-random-string@https://registry.npmjs.org/crypto-random-string/-/crypto-random-string-2.0.0.tgz 0ms (cache hit)
139 http cache cookie-signature@https://registry.npmjs.org/cookie-signature/-/cookie-signature-1.0.6.tgz 0ms (cache hit)
140 http cache cookie@https://registry.npmjs.org/cookie/-/cookie-0.4.0.tgz 0ms (cache hit)
141 http cache content-disposition@https://registry.npmjs.org/content-disposition/-/content-disposition-0.5.3.tgz 0ms (cache hit)
142 http cache content-type@https://registry.npmjs.org/content-type/-/content-type-1.0.4.tgz 0ms (cache hit)
143 http cache configstore@https://registry.npmjs.org/configstore/-/configstore-5.0.1.tgz 0ms (cache hit)
144 http cache concat-map@https://registry.npmjs.org/concat-map/-/concat-map-0.0.1.tgz 0ms (cache hit)
145 http cache color-name@https://registry.npmjs.org/color-name/-/color-name-1.1.4.tgz 0ms (cache hit)
146 http cache color-convert@https://registry.npmjs.org/color-convert/-/color-convert-2.0.1.tgz 0ms (cache hit)
147 http cache clone-response@https://registry.npmjs.org/clone-response/-/clone-response-1.0.2.tgz 0ms (cache hit)
148 http cache cli-boxes@https://registry.npmjs.org/cli-boxes/-/cli-boxes-2.2.1.tgz 0ms (cache hit)
149 http cache ci-info@https://registry.npmjs.org/ci-info/-/ci-info-2.0.0.tgz 0ms (cache hit)
150 http cache chokidar@https://registry.npmjs.org/chokidar/-/chokidar-3.5.1.tgz 0ms (cache hit)
151 http cache camelcase@https://registry.npmjs.org/camelcase/-/camelcase-5.3.1.tgz 0ms (cache hit)
152 http cache cacheable-request@https://registry.npmjs.org/cacheable-request/-/cacheable-request-6.1.0.tgz 0ms (cache hit)
153 http cache chalk@https://registry.npmjs.org/chalk/-/chalk-3.0.0.tgz 0ms (cache hit)
154 http cache bytes@https://registry.npmjs.org/bytes/-/bytes-3.1.0.tgz 0ms (cache hit)
155 http cache braces@https://registry.npmjs.org/braces/-/braces-3.0.2.tgz 0ms (cache hit)
156 http cache boxen@https://registry.npmjs.org/boxen/-/boxen-4.2.0.tgz 0ms (cache hit)
157 http cache brace-expansion@https://registry.npmjs.org/brace-expansion/-/brace-expansion-1.1.11.tgz 0ms (cache hit)
158 http cache body-parser@https://registry.npmjs.org/body-parser/-/body-parser-1.19.0.tgz 0ms (cache hit)
159 http cache binary-extensions@https://registry.npmjs.org/binary-extensions/-/binary-extensions-2.2.0.tgz 0ms (cache hit)
160 http cache balanced-match@https://registry.npmjs.org/balanced-match/-/balanced-match-1.0.0.tgz 0ms (cache hit)
161 http cache array-flatten@https://registry.npmjs.org/array-flatten/-/array-flatten-1.1.1.tgz 0ms (cache hit)
162 http cache anymatch@https://registry.npmjs.org/anymatch/-/anymatch-3.1.1.tgz 0ms (cache hit)
163 http cache ansi-styles@https://registry.npmjs.org/ansi-styles/-/ansi-styles-4.3.0.tgz 0ms (cache hit)
164 http cache ansi-regex@https://registry.npmjs.org/ansi-regex/-/ansi-regex-5.0.0.tgz 0ms (cache hit)
165 http cache ansi-align@https://registry.npmjs.org/ansi-align/-/ansi-align-3.0.0.tgz 0ms (cache hit)
166 http cache accepts@https://registry.npmjs.org/accepts/-/accepts-1.3.7.tgz 0ms (cache hit)
167 http cache abbrev@https://registry.npmjs.org/abbrev/-/abbrev-1.1.1.tgz 1ms (cache hit)
168 http cache @szmarczak/http-timer@https://registry.npmjs.org/@szmarczak/http-timer/-/http-timer-1.1.2.tgz 0ms (cache hit)
169 http cache @sindresorhus/is@https://registry.npmjs.org/@sindresorhus/is/-/is-0.14.0.tgz 0ms (cache hit)
170 http cache ms@https://registry.npmjs.org/ms/-/ms-2.0.0.tgz 0ms (cache hit)
171 http cache debug@https://registry.npmjs.org/debug/-/debug-2.6.9.tgz 0ms (cache hit)
172 http cache ms@https://registry.npmjs.org/ms/-/ms-2.1.1.tgz 1ms (cache hit)
173 http cache debug@https://registry.npmjs.org/debug/-/debug-2.6.9.tgz 0ms (cache hit)
174 http cache ms@https://registry.npmjs.org/ms/-/ms-2.0.0.tgz 0ms (cache hit)
175 http cache semver@https://registry.npmjs.org/semver/-/semver-6.3.0.tgz 0ms (cache hit)
176 http cache semver@https://registry.npmjs.org/semver/-/semver-6.3.0.tgz 0ms (cache hit)
177 http cache semver@https://registry.npmjs.org/semver/-/semver-6.3.0.tgz 0ms (cache hit)
178 http cache ms@https://registry.npmjs.org/ms/-/ms-2.0.0.tgz 0ms (cache hit)
179 http cache debug@https://registry.npmjs.org/debug/-/debug-2.6.9.tgz 0ms (cache hit)
180 http cache ms@https://registry.npmjs.org/ms/-/ms-2.0.0.tgz 0ms (cache hit)
181 http cache debug@https://registry.npmjs.org/debug/-/debug-2.6.9.tgz 0ms (cache hit)
182 http cache has-flag@https://registry.npmjs.org/has-flag/-/has-flag-4.0.0.tgz 4ms (cache hit)
183 http cache supports-color@https://registry.npmjs.org/supports-color/-/supports-color-7.2.0.tgz 0ms (cache hit)
184 http cache lowercase-keys@https://registry.npmjs.org/lowercase-keys/-/lowercase-keys-2.0.0.tgz 0ms (cache hit)
185 http cache get-stream@https://registry.npmjs.org/get-stream/-/get-stream-5.2.0.tgz 0ms (cache hit)
186 http cache ms@https://registry.npmjs.org/ms/-/ms-2.0.0.tgz 0ms (cache hit)
187 http cache debug@https://registry.npmjs.org/debug/-/debug-2.6.9.tgz 1ms (cache hit)
188 http cache strip-ansi@https://registry.npmjs.org/strip-ansi/-/strip-ansi-5.2.0.tgz 0ms (cache hit)
189 http cache string-width@https://registry.npmjs.org/string-width/-/string-width-3.1.0.tgz 0ms (cache hit)
190 silly tarball no local data for xdg-basedir@https://registry.npmjs.org/xdg-basedir/-/xdg-basedir-4.0.0.tgz. Extracting by manifest.
191 silly tarball no local data for write-file-atomic@https://registry.npmjs.org/write-file-atomic/-/write-file-atomic-3.0.3.tgz. Extracting by manifest.
192 silly tarball no local data for wrappy@https://registry.npmjs.org/wrappy/-/wrappy-1.0.2.tgz. Extracting by manifest.
193 silly tarball no local data for widest-line@https://registry.npmjs.org/widest-line/-/widest-line-3.1.0.tgz. Extracting by manifest.
194 http cache is-fullwidth-code-point@https://registry.npmjs.org/is-fullwidth-code-point/-/is-fullwidth-code-point-2.0.0.tgz 0ms (cache hit)
195 silly tarball no local data for utils-merge@https://registry.npmjs.org/utils-merge/-/utils-merge-1.0.1.tgz. Extracting by manifest.
196 silly tarball no local data for vary@https://registry.npmjs.org/vary/-/vary-1.1.2.tgz. Extracting by manifest.
197 silly tarball no local data for url-parse-lax@https://registry.npmjs.org/url-parse-lax/-/url-parse-lax-3.0.0.tgz. Extracting by manifest.
198 silly tarball no local data for update-notifier@https://registry.npmjs.org/update-notifier/-/update-notifier-4.1.3.tgz. Extracting by manifest.
199 http cache emoji-regex@https://registry.npmjs.org/emoji-regex/-/emoji-regex-7.0.3.tgz 0ms (cache hit)
200 silly tarball no local data for unpipe@https://registry.npmjs.org/unpipe/-/unpipe-1.0.0.tgz. Extracting by manifest.
201 silly tarball no local data for undefsafe@https://registry.npmjs.org/undefsafe/-/undefsafe-2.0.3.tgz. Extracting by manifest.
202 silly tarball no local data for unique-string@https://registry.npmjs.org/unique-string/-/unique-string-2.0.0.tgz. Extracting by manifest.
203 silly tarball no local data for type-fest@https://registry.npmjs.org/type-fest/-/type-fest-0.8.1.tgz. Extracting by manifest.
204 silly tarball no local data for type-is@https://registry.npmjs.org/type-is/-/type-is-1.6.18.tgz. Extracting by manifest.
205 http cache ansi-regex@https://registry.npmjs.org/ansi-regex/-/ansi-regex-4.1.0.tgz 0ms (cache hit)
206 silly tarball no local data for typedarray-to-buffer@https://registry.npmjs.org/typedarray-to-buffer/-/typedarray-to-buffer-3.1.5.tgz. Extracting by manifest.
207 silly tarball no local data for toidentifier@https://registry.npmjs.org/toidentifier/-/toidentifier-1.0.0.tgz. Extracting by manifest.
208 silly tarball no local data for touch@https://registry.npmjs.org/touch/-/touch-3.1.0.tgz. Extracting by manifest.
209 silly tarball no local data for to-readable-stream@https://registry.npmjs.org/to-readable-stream/-/to-readable-stream-1.0.0.tgz. Extracting by manifest.
210 silly tarball no local data for to-regex-range@https://registry.npmjs.org/to-regex-range/-/to-regex-range-5.0.1.tgz. Extracting by manifest.
211 silly tarball no local data for term-size@https://registry.npmjs.org/term-size/-/term-size-2.2.1.tgz. Extracting by manifest.
212 silly tarball no local data for strip-json-comments@https://registry.npmjs.org/strip-json-comments/-/strip-json-comments-2.0.1.tgz. Extracting by manifest.
213 silly tarball no local data for strip-ansi@https://registry.npmjs.org/strip-ansi/-/strip-ansi-6.0.0.tgz. Extracting by manifest.
214 silly tarball no local data for string-width@https://registry.npmjs.org/string-width/-/string-width-4.2.2.tgz. Extracting by manifest.
215 silly tarball no local data for supports-color@https://registry.npmjs.org/supports-color/-/supports-color-5.5.0.tgz. Extracting by manifest.
216 silly tarball no local data for statuses@https://registry.npmjs.org/statuses/-/statuses-1.5.0.tgz. Extracting by manifest.
217 silly tarball no local data for signal-exit@https://registry.npmjs.org/signal-exit/-/signal-exit-3.0.3.tgz. Extracting by manifest.
218 silly tarball no local data for serve-static@https://registry.npmjs.org/serve-static/-/serve-static-1.14.1.tgz. Extracting by manifest.
219 silly tarball no local data for setprototypeof@https://registry.npmjs.org/setprototypeof/-/setprototypeof-1.1.1.tgz. Extracting by manifest.
220 silly tarball no local data for send@https://registry.npmjs.org/send/-/send-0.17.1.tgz. Extracting by manifest.
221 silly tarball no local data for semver-diff@https://registry.npmjs.org/semver-diff/-/semver-diff-3.1.1.tgz. Extracting by manifest.
222 silly tarball no local data for safer-buffer@https://registry.npmjs.org/safer-buffer/-/safer-buffer-2.1.2.tgz. Extracting by manifest.
223 silly tarball no local data for semver@https://registry.npmjs.org/semver/-/semver-5.7.1.tgz. Extracting by manifest.
224 silly tarball no local data for safe-buffer@https://registry.npmjs.org/safe-buffer/-/safe-buffer-5.1.2.tgz. Extracting by manifest.
225 silly tarball no local data for responselike@https://registry.npmjs.org/responselike/-/responselike-1.0.2.tgz. Extracting by manifest.
226 silly tarball no local data for registry-url@https://registry.npmjs.org/registry-url/-/registry-url-5.1.0.tgz. Extracting by manifest.
227 silly tarball no local data for registry-auth-token@https://registry.npmjs.org/registry-auth-token/-/registry-auth-token-4.2.1.tgz. Extracting by manifest.
228 silly tarball no local data for readdirp@https://registry.npmjs.org/readdirp/-/readdirp-3.5.0.tgz. Extracting by manifest.
229 silly tarball no local data for rc@https://registry.npmjs.org/rc/-/rc-1.2.8.tgz. Extracting by manifest.
230 silly tarball no local data for pump@https://registry.npmjs.org/pump/-/pump-3.0.0.tgz. Extracting by manifest.
231 silly tarball no local data for pstree.remy@https://registry.npmjs.org/pstree.remy/-/pstree.remy-1.1.8.tgz. Extracting by manifest.
232 silly tarball no local data for raw-body@https://registry.npmjs.org/raw-body/-/raw-body-2.4.0.tgz. Extracting by manifest.
233 silly tarball no local data for pupa@https://registry.npmjs.org/pupa/-/pupa-2.1.1.tgz. Extracting by manifest.
234 silly tarball no local data for proxy-addr@https://registry.npmjs.org/proxy-addr/-/proxy-addr-2.0.6.tgz. Extracting by manifest.
235 silly tarball no local data for range-parser@https://registry.npmjs.org/range-parser/-/range-parser-1.2.1.tgz. Extracting by manifest.
236 silly tarball no local data for prepend-http@https://registry.npmjs.org/prepend-http/-/prepend-http-2.0.0.tgz. Extracting by manifest.
237 silly tarball no local data for parseurl@https://registry.npmjs.org/parseurl/-/parseurl-1.3.3.tgz. Extracting by manifest.
238 silly tarball no local data for package-json@https://registry.npmjs.org/package-json/-/package-json-6.5.0.tgz. Extracting by manifest.
239 silly tarball no local data for picomatch@https://registry.npmjs.org/picomatch/-/picomatch-2.2.2.tgz. Extracting by manifest.
240 silly tarball no local data for path-to-regexp@https://registry.npmjs.org/path-to-regexp/-/path-to-regexp-0.1.7.tgz. Extracting by manifest.
241 silly tarball no local data for p-cancelable@https://registry.npmjs.org/p-cancelable/-/p-cancelable-1.1.0.tgz. Extracting by manifest.
242 silly tarball no local data for qs@https://registry.npmjs.org/qs/-/qs-6.7.0.tgz. Extracting by manifest.
243 silly tarball no local data for normalize-url@https://registry.npmjs.org/normalize-url/-/normalize-url-4.5.0.tgz. Extracting by manifest.
244 silly tarball no local data for once@https://registry.npmjs.org/once/-/once-1.4.0.tgz. Extracting by manifest.
245 silly tarball no local data for normalize-path@https://registry.npmjs.org/normalize-path/-/normalize-path-3.0.0.tgz. Extracting by manifest.
246 silly tarball no local data for on-finished@https://registry.npmjs.org/on-finished/-/on-finished-2.3.0.tgz. Extracting by manifest.
247 silly tarball no local data for nopt@https://registry.npmjs.org/nopt/-/nopt-1.0.10.tgz. Extracting by manifest.
248 silly tarball no local data for negotiator@https://registry.npmjs.org/negotiator/-/negotiator-0.6.2.tgz. Extracting by manifest.
249 silly tarball no local data for nodemon@https://registry.npmjs.org/nodemon/-/nodemon-2.0.7.tgz. Extracting by manifest.
250 silly tarball no local data for ms@https://registry.npmjs.org/ms/-/ms-2.1.3.tgz. Extracting by manifest.
251 silly tarball no local data for minimist@https://registry.npmjs.org/minimist/-/minimist-1.2.5.tgz. Extracting by manifest.
252 silly tarball no local data for minimatch@https://registry.npmjs.org/minimatch/-/minimatch-3.0.4.tgz. Extracting by manifest.
253 silly tarball no local data for mime-types@https://registry.npmjs.org/mime-types/-/mime-types-2.1.29.tgz. Extracting by manifest.
254 silly tarball no local data for mimic-response@https://registry.npmjs.org/mimic-response/-/mimic-response-1.0.1.tgz. Extracting by manifest.
255 silly tarball no local data for mime-db@https://registry.npmjs.org/mime-db/-/mime-db-1.46.0.tgz. Extracting by manifest.
256 silly tarball no local data for methods@https://registry.npmjs.org/methods/-/methods-1.1.2.tgz. Extracting by manifest.
257 silly tarball no local data for mime@https://registry.npmjs.org/mime/-/mime-1.6.0.tgz. Extracting by manifest.
258 silly tarball no local data for merge-descriptors@https://registry.npmjs.org/merge-descriptors/-/merge-descriptors-1.0.1.tgz. Extracting by manifest.
259 silly tarball no local data for media-typer@https://registry.npmjs.org/media-typer/-/media-typer-0.3.0.tgz. Extracting by manifest.
260 silly tarball no local data for make-dir@https://registry.npmjs.org/make-dir/-/make-dir-3.1.0.tgz. Extracting by manifest.
261 silly tarball no local data for lowercase-keys@https://registry.npmjs.org/lowercase-keys/-/lowercase-keys-1.0.1.tgz. Extracting by manifest.
262 silly tarball no local data for keyv@https://registry.npmjs.org/keyv/-/keyv-3.1.0.tgz. Extracting by manifest.
263 silly tarball no local data for latest-version@https://registry.npmjs.org/latest-version/-/latest-version-5.1.0.tgz. Extracting by manifest.
264 silly tarball no local data for json-buffer@https://registry.npmjs.org/json-buffer/-/json-buffer-3.0.0.tgz. Extracting by manifest.
265 silly tarball no local data for is-yarn-global@https://registry.npmjs.org/is-yarn-global/-/is-yarn-global-0.3.0.tgz. Extracting by manifest.
266 silly tarball no local data for is-typedarray@https://registry.npmjs.org/is-typedarray/-/is-typedarray-1.0.0.tgz. Extracting by manifest.
267 silly tarball no local data for is-path-inside@https://registry.npmjs.org/is-path-inside/-/is-path-inside-3.0.2.tgz. Extracting by manifest.
268 silly tarball no local data for is-obj@https://registry.npmjs.org/is-obj/-/is-obj-2.0.0.tgz. Extracting by manifest.
269 silly tarball no local data for is-number@https://registry.npmjs.org/is-number/-/is-number-7.0.0.tgz. Extracting by manifest.
270 silly tarball no local data for is-npm@https://registry.npmjs.org/is-npm/-/is-npm-4.0.0.tgz. Extracting by manifest.
271 silly tarball no local data for is-installed-globally@https://registry.npmjs.org/is-installed-globally/-/is-installed-globally-0.3.2.tgz. Extracting by manifest.
272 silly tarball no local data for is-glob@https://registry.npmjs.org/is-glob/-/is-glob-4.0.1.tgz. Extracting by manifest.
273 silly tarball no local data for is-fullwidth-code-point@https://registry.npmjs.org/is-fullwidth-code-point/-/is-fullwidth-code-point-3.0.0.tgz. Extracting by manifest.
274 silly tarball no local data for is-extglob@https://registry.npmjs.org/is-extglob/-/is-extglob-2.1.1.tgz. Extracting by manifest.
275 silly tarball no local data for is-ci@https://registry.npmjs.org/is-ci/-/is-ci-2.0.0.tgz. Extracting by manifest.
276 silly tarball no local data for is-binary-path@https://registry.npmjs.org/is-binary-path/-/is-binary-path-2.1.0.tgz. Extracting by manifest.
277 silly tarball no local data for ipaddr.js@https://registry.npmjs.org/ipaddr.js/-/ipaddr.js-1.9.1.tgz. Extracting by manifest.
278 silly tarball no local data for ini@https://registry.npmjs.org/ini/-/ini-1.3.7.tgz. Extracting by manifest.
279 silly tarball no local data for imurmurhash@https://registry.npmjs.org/imurmurhash/-/imurmurhash-0.1.4.tgz. Extracting by manifest.
280 silly tarball no local data for inherits@https://registry.npmjs.org/inherits/-/inherits-2.0.3.tgz. Extracting by manifest.
281 silly tarball no local data for ignore-by-default@https://registry.npmjs.org/ignore-by-default/-/ignore-by-default-1.0.1.tgz. Extracting by manifest.
282 silly tarball no local data for iconv-lite@https://registry.npmjs.org/iconv-lite/-/iconv-lite-0.4.24.tgz. Extracting by manifest.
283 silly tarball no local data for import-lazy@https://registry.npmjs.org/import-lazy/-/import-lazy-2.1.0.tgz. Extracting by manifest.
284 silly tarball no local data for http-errors@https://registry.npmjs.org/http-errors/-/http-errors-1.7.2.tgz. Extracting by manifest.
285 silly tarball no local data for http-cache-semantics@https://registry.npmjs.org/http-cache-semantics/-/http-cache-semantics-4.1.0.tgz. Extracting by manifest.
286 silly tarball no local data for has-yarn@https://registry.npmjs.org/has-yarn/-/has-yarn-2.1.0.tgz. Extracting by manifest.
287 silly tarball no local data for graceful-fs@https://registry.npmjs.org/graceful-fs/-/graceful-fs-4.2.6.tgz. Extracting by manifest.
288 silly tarball no local data for has-flag@https://registry.npmjs.org/has-flag/-/has-flag-3.0.0.tgz. Extracting by manifest.
289 silly tarball no local data for got@https://registry.npmjs.org/got/-/got-9.6.0.tgz. Extracting by manifest.
290 silly tarball no local data for global-dirs@https://registry.npmjs.org/global-dirs/-/global-dirs-2.1.0.tgz. Extracting by manifest.
291 silly tarball no local data for glob-parent@https://registry.npmjs.org/glob-parent/-/glob-parent-5.1.1.tgz. Extracting by manifest.
292 silly tarball no local data for get-stream@https://registry.npmjs.org/get-stream/-/get-stream-4.1.0.tgz. Extracting by manifest.
293 silly tarball no local data for fresh@https://registry.npmjs.org/fresh/-/fresh-0.5.2.tgz. Extracting by manifest.
294 silly tarball no local data for forwarded@https://registry.npmjs.org/forwarded/-/forwarded-0.1.2.tgz. Extracting by manifest.
295 silly tarball no local data for express@https://registry.npmjs.org/express/-/express-4.17.1.tgz. Extracting by manifest.
296 silly tarball no local data for etag@https://registry.npmjs.org/etag/-/etag-1.8.1.tgz. Extracting by manifest.
297 silly tarball no local data for finalhandler@https://registry.npmjs.org/finalhandler/-/finalhandler-1.1.2.tgz. Extracting by manifest.
298 silly tarball no local data for fill-range@https://registry.npmjs.org/fill-range/-/fill-range-7.0.1.tgz. Extracting by manifest.
299 silly tarball no local data for escape-html@https://registry.npmjs.org/escape-html/-/escape-html-1.0.3.tgz. Extracting by manifest.
300 silly tarball no local data for end-of-stream@https://registry.npmjs.org/end-of-stream/-/end-of-stream-1.4.4.tgz. Extracting by manifest.
301 silly tarball no local data for escape-goat@https://registry.npmjs.org/escape-goat/-/escape-goat-2.1.1.tgz. Extracting by manifest.
302 silly tarball no local data for encodeurl@https://registry.npmjs.org/encodeurl/-/encodeurl-1.0.2.tgz. Extracting by manifest.
303 silly tarball no local data for emoji-regex@https://registry.npmjs.org/emoji-regex/-/emoji-regex-8.0.0.tgz. Extracting by manifest.
304 silly tarball no local data for ee-first@https://registry.npmjs.org/ee-first/-/ee-first-1.1.1.tgz. Extracting by manifest.
305 silly tarball no local data for destroy@https://registry.npmjs.org/destroy/-/destroy-1.0.4.tgz. Extracting by manifest.
306 silly tarball no local data for duplexer3@https://registry.npmjs.org/duplexer3/-/duplexer3-0.1.4.tgz. Extracting by manifest.
307 silly tarball no local data for dot-prop@https://registry.npmjs.org/dot-prop/-/dot-prop-5.3.0.tgz. Extracting by manifest.
308 silly tarball no local data for deep-extend@https://registry.npmjs.org/deep-extend/-/deep-extend-0.6.0.tgz. Extracting by manifest.
309 silly tarball no local data for decompress-response@https://registry.npmjs.org/decompress-response/-/decompress-response-3.3.0.tgz. Extracting by manifest.
310 silly tarball no local data for depd@https://registry.npmjs.org/depd/-/depd-1.1.2.tgz. Extracting by manifest.
311 silly tarball no local data for defer-to-connect@https://registry.npmjs.org/defer-to-connect/-/defer-to-connect-1.1.3.tgz. Extracting by manifest.
312 silly tarball no local data for debug@https://registry.npmjs.org/debug/-/debug-3.2.7.tgz. Extracting by manifest.
313 silly tarball no local data for crypto-random-string@https://registry.npmjs.org/crypto-random-string/-/crypto-random-string-2.0.0.tgz. Extracting by manifest.
314 silly tarball no local data for cookie-signature@https://registry.npmjs.org/cookie-signature/-/cookie-signature-1.0.6.tgz. Extracting by manifest.
315 silly tarball no local data for cookie@https://registry.npmjs.org/cookie/-/cookie-0.4.0.tgz. Extracting by manifest.
316 silly tarball no local data for content-disposition@https://registry.npmjs.org/content-disposition/-/content-disposition-0.5.3.tgz. Extracting by manifest.
317 silly tarball no local data for content-type@https://registry.npmjs.org/content-type/-/content-type-1.0.4.tgz. Extracting by manifest.
318 silly tarball no local data for configstore@https://registry.npmjs.org/configstore/-/configstore-5.0.1.tgz. Extracting by manifest.
319 silly tarball no local data for concat-map@https://registry.npmjs.org/concat-map/-/concat-map-0.0.1.tgz. Extracting by manifest.
320 silly tarball no local data for color-name@https://registry.npmjs.org/color-name/-/color-name-1.1.4.tgz. Extracting by manifest.
321 silly tarball no local data for color-convert@https://registry.npmjs.org/color-convert/-/color-convert-2.0.1.tgz. Extracting by manifest.
322 silly tarball no local data for clone-response@https://registry.npmjs.org/clone-response/-/clone-response-1.0.2.tgz. Extracting by manifest.
323 silly tarball no local data for cli-boxes@https://registry.npmjs.org/cli-boxes/-/cli-boxes-2.2.1.tgz. Extracting by manifest.
324 silly tarball no local data for ci-info@https://registry.npmjs.org/ci-info/-/ci-info-2.0.0.tgz. Extracting by manifest.
325 silly tarball no local data for chokidar@https://registry.npmjs.org/chokidar/-/chokidar-3.5.1.tgz. Extracting by manifest.
326 silly tarball no local data for camelcase@https://registry.npmjs.org/camelcase/-/camelcase-5.3.1.tgz. Extracting by manifest.
327 silly tarball no local data for cacheable-request@https://registry.npmjs.org/cacheable-request/-/cacheable-request-6.1.0.tgz. Extracting by manifest.
328 silly tarball no local data for chalk@https://registry.npmjs.org/chalk/-/chalk-3.0.0.tgz. Extracting by manifest.
329 silly tarball no local data for bytes@https://registry.npmjs.org/bytes/-/bytes-3.1.0.tgz. Extracting by manifest.
330 silly tarball no local data for braces@https://registry.npmjs.org/braces/-/braces-3.0.2.tgz. Extracting by manifest.
331 silly tarball no local data for boxen@https://registry.npmjs.org/boxen/-/boxen-4.2.0.tgz. Extracting by manifest.
332 silly tarball no local data for brace-expansion@https://registry.npmjs.org/brace-expansion/-/brace-expansion-1.1.11.tgz. Extracting by manifest.
333 silly tarball no local data for body-parser@https://registry.npmjs.org/body-parser/-/body-parser-1.19.0.tgz. Extracting by manifest.
334 silly tarball no local data for binary-extensions@https://registry.npmjs.org/binary-extensions/-/binary-extensions-2.2.0.tgz. Extracting by manifest.
335 silly tarball no local data for balanced-match@https://registry.npmjs.org/balanced-match/-/balanced-match-1.0.0.tgz. Extracting by manifest.
336 silly tarball no local data for array-flatten@https://registry.npmjs.org/array-flatten/-/array-flatten-1.1.1.tgz. Extracting by manifest.
337 silly tarball no local data for anymatch@https://registry.npmjs.org/anymatch/-/anymatch-3.1.1.tgz. Extracting by manifest.
338 silly tarball no local data for ansi-styles@https://registry.npmjs.org/ansi-styles/-/ansi-styles-4.3.0.tgz. Extracting by manifest.
339 silly tarball no local data for ansi-regex@https://registry.npmjs.org/ansi-regex/-/ansi-regex-5.0.0.tgz. Extracting by manifest.
340 silly tarball no local data for ansi-align@https://registry.npmjs.org/ansi-align/-/ansi-align-3.0.0.tgz. Extracting by manifest.
341 silly tarball no local data for accepts@https://registry.npmjs.org/accepts/-/accepts-1.3.7.tgz. Extracting by manifest.
342 silly tarball no local data for abbrev@https://registry.npmjs.org/abbrev/-/abbrev-1.1.1.tgz. Extracting by manifest.
343 silly tarball no local data for @szmarczak/http-timer@https://registry.npmjs.org/@szmarczak/http-timer/-/http-timer-1.1.2.tgz. Extracting by manifest.
344 silly tarball no local data for @sindresorhus/is@https://registry.npmjs.org/@sindresorhus/is/-/is-0.14.0.tgz. Extracting by manifest.
345 http fetch GET 200 https://registry.npmjs.org/npm 2292ms
346 silly tarball no local data for ms@https://registry.npmjs.org/ms/-/ms-2.0.0.tgz. Extracting by manifest.
347 silly tarball no local data for debug@https://registry.npmjs.org/debug/-/debug-2.6.9.tgz. Extracting by manifest.
348 silly tarball no local data for ms@https://registry.npmjs.org/ms/-/ms-2.1.1.tgz. Extracting by manifest.
349 silly tarball no local data for debug@https://registry.npmjs.org/debug/-/debug-2.6.9.tgz. Extracting by manifest.
350 silly tarball no local data for ms@https://registry.npmjs.org/ms/-/ms-2.0.0.tgz. Extracting by manifest.
351 silly tarball no local data for semver@https://registry.npmjs.org/semver/-/semver-6.3.0.tgz. Extracting by manifest.
352 silly tarball no local data for semver@https://registry.npmjs.org/semver/-/semver-6.3.0.tgz. Extracting by manifest.
353 silly tarball no local data for semver@https://registry.npmjs.org/semver/-/semver-6.3.0.tgz. Extracting by manifest.
354 silly tarball no local data for ms@https://registry.npmjs.org/ms/-/ms-2.0.0.tgz. Extracting by manifest.
355 silly tarball no local data for debug@https://registry.npmjs.org/debug/-/debug-2.6.9.tgz. Extracting by manifest.
356 silly tarball no local data for ms@https://registry.npmjs.org/ms/-/ms-2.0.0.tgz. Extracting by manifest.
357 silly tarball no local data for debug@https://registry.npmjs.org/debug/-/debug-2.6.9.tgz. Extracting by manifest.
358 silly tarball no local data for has-flag@https://registry.npmjs.org/has-flag/-/has-flag-4.0.0.tgz. Extracting by manifest.
359 silly tarball no local data for supports-color@https://registry.npmjs.org/supports-color/-/supports-color-7.2.0.tgz. Extracting by manifest.
360 silly tarball no local data for lowercase-keys@https://registry.npmjs.org/lowercase-keys/-/lowercase-keys-2.0.0.tgz. Extracting by manifest.
361 silly tarball no local data for get-stream@https://registry.npmjs.org/get-stream/-/get-stream-5.2.0.tgz. Extracting by manifest.
362 silly tarball no local data for ms@https://registry.npmjs.org/ms/-/ms-2.0.0.tgz. Extracting by manifest.
363 silly tarball no local data for debug@https://registry.npmjs.org/debug/-/debug-2.6.9.tgz. Extracting by manifest.
364 silly tarball no local data for strip-ansi@https://registry.npmjs.org/strip-ansi/-/strip-ansi-5.2.0.tgz. Extracting by manifest.
365 silly tarball no local data for string-width@https://registry.npmjs.org/string-width/-/string-width-3.1.0.tgz. Extracting by manifest.
366 silly tarball no local data for is-fullwidth-code-point@https://registry.npmjs.org/is-fullwidth-code-point/-/is-fullwidth-code-point-2.0.0.tgz. Extracting by manifest.
367 silly tarball no local data for emoji-regex@https://registry.npmjs.org/emoji-regex/-/emoji-regex-7.0.3.tgz. Extracting by manifest.
368 silly tarball no local data for ansi-regex@https://registry.npmjs.org/ansi-regex/-/ansi-regex-4.1.0.tgz. Extracting by manifest.
369 http fetch POST 200 https://registry.npmjs.org/-/npm/v1/security/advisories/bulk 1959ms
370 silly audit report {
370 silly audit report   'ansi-regex': [
370 silly audit report     {
370 silly audit report       id: 1094091,
370 silly audit report       url: 'https://github.com/advisories/GHSA-93q8-gq69-wqmw',
370 silly audit report       title: 'Inefficient Regular Expression Complexity in chalk/ansi-regex',
370 silly audit report       severity: 'high',
370 silly audit report       vulnerable_versions: '>=4.0.0 <4.1.1',
370 silly audit report       cwe: [Array],
370 silly audit report       cvss: [Object]
370 silly audit report     },
370 silly audit report     {
370 silly audit report       id: 1094092,
370 silly audit report       url: 'https://github.com/advisories/GHSA-93q8-gq69-wqmw',
370 silly audit report       title: 'Inefficient Regular Expression Complexity in chalk/ansi-regex',
370 silly audit report       severity: 'high',
370 silly audit report       vulnerable_versions: '>=5.0.0 <5.0.1',
370 silly audit report       cwe: [Array],
370 silly audit report       cvss: [Object]
370 silly audit report     }
370 silly audit report   ],
370 silly audit report   'body-parser': [
370 silly audit report     {
370 silly audit report       id: 1099520,
370 silly audit report       url: 'https://github.com/advisories/GHSA-qwcr-r2fm-qrc7',
370 silly audit report       title: 'body-parser vulnerable to denial of service when url encoding is enabled',
370 silly audit report       severity: 'high',
370 silly audit report       vulnerable_versions: '<1.20.3',
370 silly audit report       cwe: [Array],
370 silly audit report       cvss: [Object]
370 silly audit report     }
370 silly audit report   ],
370 silly audit report   'brace-expansion': [
370 silly audit report     {
370 silly audit report       id: 1105443,
370 silly audit report       url: 'https://github.com/advisories/GHSA-v6h2-p8h4-qcjw',
370 silly audit report       title: 'brace-expansion Regular Expression Denial of Service vulnerability',
370 silly audit report       severity: 'low',
370 silly audit report       vulnerable_versions: '>=1.0.0 <=1.1.11',
370 silly audit report       cwe: [Array],
370 silly audit report       cvss: [Object]
370 silly audit report     }
370 silly audit report   ],
370 silly audit report   braces: [
370 silly audit report     {
370 silly audit report       id: 1098094,
370 silly audit report       url: 'https://github.com/advisories/GHSA-grv7-fg5c-xmjg',
370 silly audit report       title: 'Uncontrolled resource consumption in braces',
370 silly audit report       severity: 'high',
370 silly audit report       vulnerable_versions: '<3.0.3',
370 silly audit report       cwe: [Array],
370 silly audit report       cvss: [Object]
370 silly audit report     }
370 silly audit report   ],
370 silly audit report   cookie: [
370 silly audit report     {
370 silly audit report       id: 1103907,
370 silly audit report       url: 'https://github.com/advisories/GHSA-pxg6-pf52-xh8x',
370 silly audit report       title: 'cookie accepts cookie name, path, and domain with out of bounds characters',
370 silly audit report       severity: 'low',
370 silly audit report       vulnerable_versions: '<0.7.0',
370 silly audit report       cwe: [Array],
370 silly audit report       cvss: [Object]
370 silly audit report     }
370 silly audit report   ],
370 silly audit report   express: [
370 silly audit report     {
370 silly audit report       id: 1100530,
370 silly audit report       url: 'https://github.com/advisories/GHSA-qw6h-vgh9-j6wx',
370 silly audit report       title: 'express vulnerable to XSS via response.redirect()',
370 silly audit report       severity: 'low',
370 silly audit report       vulnerable_versions: '<4.20.0',
370 silly audit report       cwe: [Array],
370 silly audit report       cvss: [Object]
370 silly audit report     },
370 silly audit report     {
370 silly audit report       id: 1096820,
370 silly audit report       url: 'https://github.com/advisories/GHSA-rv95-896h-c2vc',
370 silly audit report       title: 'Express.js Open Redirect in malformed URLs',
370 silly audit report       severity: 'moderate',
370 silly audit report       vulnerable_versions: '<4.19.2',
370 silly audit report       cwe: [Array],
370 silly audit report       cvss: [Object]
370 silly audit report     }
370 silly audit report   ],
370 silly audit report   'glob-parent': [
370 silly audit report     {
370 silly audit report       id: 1097712,
370 silly audit report       url: 'https://github.com/advisories/GHSA-ww39-953v-wcq6',
370 silly audit report       title: 'glob-parent vulnerable to Regular Expression Denial of Service in enclosure regex',
370 silly audit report       severity: 'high',
370 silly audit report       vulnerable_versions: '>=4.0.0 <5.1.2',
370 silly audit report       cwe: [Array],
370 silly audit report       cvss: [Object]
370 silly audit report     }
370 silly audit report   ],
370 silly audit report   got: [
370 silly audit report     {
370 silly audit report       id: 1088948,
370 silly audit report       url: 'https://github.com/advisories/GHSA-pfrx-2q88-qq97',
370 silly audit report       title: 'Got allows a redirect to a UNIX socket',
370 silly audit report       severity: 'moderate',
370 silly audit report       vulnerable_versions: '<11.8.5',
370 silly audit report       cwe: [],
370 silly audit report       cvss: [Object]
370 silly audit report     }
370 silly audit report   ],
370 silly audit report   'http-cache-semantics': [
370 silly audit report     {
370 silly audit report       id: 1102456,
370 silly audit report       url: 'https://github.com/advisories/GHSA-rc47-6667-2j5j',
370 silly audit report       title: 'http-cache-semantics vulnerable to Regular Expression Denial of Service',
370 silly audit report       severity: 'high',
370 silly audit report       vulnerable_versions: '<4.1.1',
370 silly audit report       cwe: [Array],
370 silly audit report       cvss: [Object]
370 silly audit report     }
370 silly audit report   ],
370 silly audit report   semver: [
370 silly audit report     {
370 silly audit report       id: 1101089,
370 silly audit report       url: 'https://github.com/advisories/GHSA-c2qf-rxjj-qqgw',
370 silly audit report       title: 'semver vulnerable to Regular Expression Denial of Service',
370 silly audit report       severity: 'high',
370 silly audit report       vulnerable_versions: '<5.7.2',
370 silly audit report       cwe: [Array],
370 silly audit report       cvss: [Object]
370 silly audit report     },
370 silly audit report     {
370 silly audit report       id: 1101090,
370 silly audit report       url: 'https://github.com/advisories/GHSA-c2qf-rxjj-qqgw',
370 silly audit report       title: 'semver vulnerable to Regular Expression Denial of Service',
370 silly audit report       severity: 'high',
370 silly audit report       vulnerable_versions: '>=6.0.0 <6.3.1',
370 silly audit report       cwe: [Array],
370 silly audit report       cvss: [Object]
370 silly audit report     }
370 silly audit report   ],
370 silly audit report   minimatch: [
370 silly audit report     {
370 silly audit report       id: 1096485,
370 silly audit report       url: 'https://github.com/advisories/GHSA-f8q6-p94x-37v3',
370 silly audit report       title: 'minimatch ReDoS vulnerability',
370 silly audit report       severity: 'high',
370 silly audit report       vulnerable_versions: '<3.0.5',
370 silly audit report       cwe: [Array],
370 silly audit report       cvss: [Object]
370 silly audit report     }
370 silly audit report   ],
370 silly audit report   minimist: [
370 silly audit report     {
370 silly audit report       id: 1097678,
370 silly audit report       url: 'https://github.com/advisories/GHSA-xvch-5gv4-984h',
370 silly audit report       title: 'Prototype Pollution in minimist',
370 silly audit report       severity: 'critical',
370 silly audit report       vulnerable_versions: '>=1.0.0 <1.2.6',
370 silly audit report       cwe: [Array],
370 silly audit report       cvss: [Object]
370 silly audit report     }
370 silly audit report   ],
370 silly audit report   'normalize-url': [
370 silly audit report     {
370 silly audit report       id: 1095142,
370 silly audit report       url: 'https://github.com/advisories/GHSA-px4h-xg32-q955',
370 silly audit report       title: 'ReDoS in normalize-url',
370 silly audit report       severity: 'high',
370 silly audit report       vulnerable_versions: '>=4.3.0 <4.5.1',
370 silly audit report       cwe: [Array],
370 silly audit report       cvss: [Object]
370 silly audit report     }
370 silly audit report   ],
370 silly audit report   'path-to-regexp': [
370 silly audit report     {
370 silly audit report       id: 1101850,
370 silly audit report       url: 'https://github.com/advisories/GHSA-9wv6-86v2-598j',
370 silly audit report       title: 'path-to-regexp outputs backtracking regular expressions',
370 silly audit report       severity: 'high',
370 silly audit report       vulnerable_versions: '<0.1.10',
370 silly audit report       cwe: [Array],
370 silly audit report       cvss: [Object]
370 silly audit report     },
370 silly audit report     {
370 silly audit report       id: 1105199,
370 silly audit report       url: 'https://github.com/advisories/GHSA-rhx6-c78j-4q9w',
370 silly audit report       title: 'path-to-regexp contains a ReDoS',
370 silly audit report       severity: 'high',
370 silly audit report       vulnerable_versions: '<0.1.12',
370 silly audit report       cwe: [Array],
370 silly audit report       cvss: [Object]
370 silly audit report     }
370 silly audit report   ],
370 silly audit report   qs: [
370 silly audit report     {
370 silly audit report       id: 1104120,
370 silly audit report       url: 'https://github.com/advisories/GHSA-hrpp-h998-j3pp',
370 silly audit report       title: 'qs vulnerable to Prototype Pollution',
370 silly audit report       severity: 'high',
370 silly audit report       vulnerable_versions: '>=6.7.0 <6.7.3',
370 silly audit report       cwe: [Array],
370 silly audit report       cvss: [Object]
370 silly audit report     }
370 silly audit report   ],
370 silly audit report   send: [
370 silly audit report     {
370 silly audit report       id: 1100526,
370 silly audit report       url: 'https://github.com/advisories/GHSA-m6fv-jmcg-4jfg',
370 silly audit report       title: 'send vulnerable to template injection that can lead to XSS',
370 silly audit report       severity: 'low',
370 silly audit report       vulnerable_versions: '<0.19.0',
370 silly audit report       cwe: [Array],
370 silly audit report       cvss: [Object]
370 silly audit report     }
370 silly audit report   ],
370 silly audit report   'serve-static': [
370 silly audit report     {
370 silly audit report       id: 1100528,
370 silly audit report       url: 'https://github.com/advisories/GHSA-cm22-4g7w-348p',
370 silly audit report       title: 'serve-static vulnerable to template injection that can lead to XSS',
370 silly audit report       severity: 'low',
370 silly audit report       vulnerable_versions: '<1.16.0',
370 silly audit report       cwe: [Array],
370 silly audit report       cvss: [Object]
370 silly audit report     }
370 silly audit report   ]
370 silly audit report }
371 silly packumentCache corgi:https://registry.npmjs.org/ansi-regex cache-miss
372 silly packumentCache corgi:https://registry.npmjs.org/body-parser cache-miss
373 silly packumentCache corgi:https://registry.npmjs.org/brace-expansion cache-miss
374 silly packumentCache corgi:https://registry.npmjs.org/braces cache-miss
375 silly packumentCache corgi:https://registry.npmjs.org/cookie cache-miss
376 silly packumentCache corgi:https://registry.npmjs.org/express cache-miss
377 silly packumentCache corgi:https://registry.npmjs.org/glob-parent cache-miss
378 silly packumentCache corgi:https://registry.npmjs.org/got cache-miss
379 silly packumentCache corgi:https://registry.npmjs.org/http-cache-semantics cache-miss
380 silly packumentCache corgi:https://registry.npmjs.org/semver cache-miss
381 silly packumentCache corgi:https://registry.npmjs.org/minimatch cache-miss
382 silly packumentCache corgi:https://registry.npmjs.org/minimist cache-miss
383 silly packumentCache corgi:https://registry.npmjs.org/normalize-url cache-miss
384 silly packumentCache corgi:https://registry.npmjs.org/path-to-regexp cache-miss
385 silly packumentCache corgi:https://registry.npmjs.org/qs cache-miss
386 silly packumentCache corgi:https://registry.npmjs.org/send cache-miss
387 silly packumentCache corgi:https://registry.npmjs.org/serve-static cache-miss
388 http fetch GET 200 https://registry.npmjs.org/to-readable-stream/-/to-readable-stream-1.0.0.tgz 3090ms (cache miss)
389 http fetch GET 200 https://registry.npmjs.org/toidentifier/-/toidentifier-1.0.0.tgz 3275ms (cache miss)
390 http fetch GET 200 https://registry.npmjs.org/xdg-basedir/-/xdg-basedir-4.0.0.tgz 3847ms (cache miss)
391 http fetch GET 200 https://registry.npmjs.org/touch/-/touch-3.1.0.tgz 3832ms (cache miss)
392 http fetch GET 200 https://registry.npmjs.org/widest-line/-/widest-line-3.1.0.tgz 4034ms (cache miss)
393 http fetch GET 200 https://registry.npmjs.org/unique-string/-/unique-string-2.0.0.tgz 3991ms (cache miss)
394 http fetch GET 200 https://registry.npmjs.org/unpipe/-/unpipe-1.0.0.tgz 4132ms (cache miss)
395 http fetch GET 200 https://registry.npmjs.org/statuses/-/statuses-1.5.0.tgz 4098ms (cache miss)
396 http fetch GET 200 https://registry.npmjs.org/url-parse-lax/-/url-parse-lax-3.0.0.tgz 4296ms (cache miss)
397 http fetch GET 200 https://registry.npmjs.org/write-file-atomic/-/write-file-atomic-3.0.3.tgz 4414ms (cache miss)
398 http fetch GET 200 https://registry.npmjs.org/utils-merge/-/utils-merge-1.0.1.tgz 4409ms (cache miss)
399 http fetch GET 200 https://registry.npmjs.org/wrappy/-/wrappy-1.0.2.tgz 4414ms (cache miss)
400 http fetch GET 200 https://registry.npmjs.org/strip-json-comments/-/strip-json-comments-2.0.1.tgz 4423ms (cache miss)
401 http fetch GET 200 https://registry.npmjs.org/strip-ansi/-/strip-ansi-6.0.0.tgz 4423ms (cache miss)
402 http fetch GET 200 https://registry.npmjs.org/string-width/-/string-width-4.2.2.tgz 4422ms (cache miss)
403 http fetch GET 200 https://registry.npmjs.org/vary/-/vary-1.1.2.tgz 4479ms (cache miss)
404 http fetch GET 200 https://registry.npmjs.org/supports-color/-/supports-color-5.5.0.tgz 4534ms (cache miss)
405 http fetch GET 200 https://registry.npmjs.org/semver-diff/-/semver-diff-3.1.1.tgz 4629ms (cache miss)
406 http fetch GET 200 https://registry.npmjs.org/pstree.remy/-/pstree.remy-1.1.8.tgz 4601ms (cache miss)
407 http fetch GET 200 https://registry.npmjs.org/type-is/-/type-is-1.6.18.tgz 4797ms (cache miss)
408 http fetch GET 200 https://registry.npmjs.org/registry-url/-/registry-url-5.1.0.tgz 4736ms (cache miss)
409 http fetch GET 200 https://registry.npmjs.org/responselike/-/responselike-1.0.2.tgz 4837ms (cache miss)
410 http fetch GET 200 https://registry.npmjs.org/typedarray-to-buffer/-/typedarray-to-buffer-3.1.5.tgz 4894ms (cache miss)
411 http fetch GET 200 https://registry.npmjs.org/prepend-http/-/prepend-http-2.0.0.tgz 4827ms (cache miss)
412 http fetch GET 200 https://registry.npmjs.org/parseurl/-/parseurl-1.3.3.tgz 4829ms (cache miss)
413 http fetch GET 200 https://registry.npmjs.org/once/-/once-1.4.0.tgz 4820ms (cache miss)
414 http fetch GET 200 https://registry.npmjs.org/setprototypeof/-/setprototypeof-1.1.1.tgz 4948ms (cache miss)
415 http fetch GET 200 https://registry.npmjs.org/mimic-response/-/mimic-response-1.0.1.tgz 4884ms (cache miss)
416 http fetch GET 200 https://registry.npmjs.org/package-json/-/package-json-6.5.0.tgz 4912ms (cache miss)
417 http fetch GET 200 https://registry.npmjs.org/signal-exit/-/signal-exit-3.0.3.tgz 4975ms (cache miss)
418 http fetch GET 200 https://registry.npmjs.org/pupa/-/pupa-2.1.1.tgz 5039ms (cache miss)
419 http fetch GET 200 https://registry.npmjs.org/range-parser/-/range-parser-1.2.1.tgz 5036ms (cache miss)
420 http fetch GET 200 https://registry.npmjs.org/path-to-regexp/-/path-to-regexp-0.1.7.tgz 5037ms (cache miss)
421 http fetch GET 200 https://registry.npmjs.org/media-typer/-/media-typer-0.3.0.tgz 5007ms (cache miss)
422 http fetch GET 200 https://registry.npmjs.org/normalize-url/-/normalize-url-4.5.0.tgz 5055ms (cache miss)
423 http fetch GET 200 https://registry.npmjs.org/is-obj/-/is-obj-2.0.0.tgz 4990ms (cache miss)
424 http fetch GET 200 https://registry.npmjs.org/update-notifier/-/update-notifier-4.1.3.tgz 5232ms (cache miss)
425 http fetch GET 200 https://registry.npmjs.org/p-cancelable/-/p-cancelable-1.1.0.tgz 5136ms (cache miss)
426 http fetch GET 200 https://registry.npmjs.org/on-finished/-/on-finished-2.3.0.tgz 5132ms (cache miss)
427 http fetch GET 200 https://registry.npmjs.org/normalize-path/-/normalize-path-3.0.0.tgz 5134ms (cache miss)
428 http fetch GET 200 https://registry.npmjs.org/ms/-/ms-2.1.3.tgz 5127ms (cache miss)
429 http fetch GET 200 https://registry.npmjs.org/merge-descriptors/-/merge-descriptors-1.0.1.tgz 5119ms (cache miss)
430 http fetch GET 200 https://registry.npmjs.org/methods/-/methods-1.1.2.tgz 5129ms (cache miss)
431 http fetch GET 200 https://registry.npmjs.org/lowercase-keys/-/lowercase-keys-1.0.1.tgz 5117ms (cache miss)
432 http fetch GET 200 https://registry.npmjs.org/has-flag/-/has-flag-3.0.0.tgz 4996ms (cache miss)
433 http fetch GET 200 https://registry.npmjs.org/get-stream/-/get-stream-4.1.0.tgz 5031ms (cache miss)
434 http fetch GET 200 https://registry.npmjs.org/to-regex-range/-/to-regex-range-5.0.1.tgz 5306ms (cache miss)
435 http fetch GET 200 https://registry.npmjs.org/is-path-inside/-/is-path-inside-3.0.2.tgz 5209ms (cache miss)
436 http fetch GET 200 https://registry.npmjs.org/is-typedarray/-/is-typedarray-1.0.0.tgz 5212ms (cache miss)
437 http fetch GET 200 https://registry.npmjs.org/latest-version/-/latest-version-5.1.0.tgz 5222ms (cache miss)
438 http fetch GET 200 https://registry.npmjs.org/is-yarn-global/-/is-yarn-global-0.3.0.tgz 5228ms (cache miss)
439 http fetch GET 200 https://registry.npmjs.org/is-npm/-/is-npm-4.0.0.tgz 5216ms (cache miss)
440 http fetch GET 200 https://registry.npmjs.org/is-glob/-/is-glob-4.0.1.tgz 5213ms (cache miss)
441 http fetch GET 200 https://registry.npmjs.org/is-extglob/-/is-extglob-2.1.1.tgz 5186ms (cache miss)
442 http fetch GET 200 https://registry.npmjs.org/imurmurhash/-/imurmurhash-0.1.4.tgz 5150ms (cache miss)
443 http fetch GET 200 https://registry.npmjs.org/is-binary-path/-/is-binary-path-2.1.0.tgz 5175ms (cache miss)
444 http fetch GET 200 https://registry.npmjs.org/ignore-by-default/-/ignore-by-default-1.0.1.tgz 5152ms (cache miss)
445 http fetch GET 200 https://registry.npmjs.org/glob-parent/-/glob-parent-5.1.1.tgz 5136ms (cache miss)
446 http fetch GET 200 https://registry.npmjs.org/pump/-/pump-3.0.0.tgz 5412ms (cache miss)
447 http fetch GET 200 https://registry.npmjs.org/make-dir/-/make-dir-3.1.0.tgz 5366ms (cache miss)
448 http fetch GET 200 https://registry.npmjs.org/is-installed-globally/-/is-installed-globally-0.3.2.tgz 5332ms (cache miss)
449 http fetch GET 200 https://registry.npmjs.org/import-lazy/-/import-lazy-2.1.0.tgz 5253ms (cache miss)
450 http fetch GET 200 https://registry.npmjs.org/fill-range/-/fill-range-7.0.1.tgz 5226ms (cache miss)
451 http fetch GET 200 https://registry.npmjs.org/depd/-/depd-1.1.2.tgz 5201ms (cache miss)
452 http fetch GET 200 https://registry.npmjs.org/is-fullwidth-code-point/-/is-fullwidth-code-point-3.0.0.tgz 5369ms (cache miss)
453 http fetch GET 200 https://registry.npmjs.org/graceful-fs/-/graceful-fs-4.2.6.tgz 5302ms (cache miss)
454 http fetch GET 200 https://registry.npmjs.org/inherits/-/inherits-2.0.3.tgz 5329ms (cache miss)
455 http fetch GET 200 https://registry.npmjs.org/has-yarn/-/has-yarn-2.1.0.tgz 5308ms (cache miss)
456 http fetch GET 200 https://registry.npmjs.org/decompress-response/-/decompress-response-3.3.0.tgz 5255ms (cache miss)
457 http fetch GET 200 https://registry.npmjs.org/global-dirs/-/global-dirs-2.1.0.tgz 5304ms (cache miss)
458 http fetch GET 200 https://registry.npmjs.org/crypto-random-string/-/crypto-random-string-2.0.0.tgz 5259ms (cache miss)
459 http fetch GET 200 https://registry.npmjs.org/keyv/-/keyv-3.1.0.tgz 5464ms (cache miss)
460 http fetch GET 200 https://registry.npmjs.org/is-number/-/is-number-7.0.0.tgz 5438ms (cache miss)
461 http fetch GET 200 https://registry.npmjs.org/fresh/-/fresh-0.5.2.tgz 5333ms (cache miss)
462 http fetch GET 200 https://registry.npmjs.org/is-ci/-/is-ci-2.0.0.tgz 5407ms (cache miss)
463 http fetch GET 200 https://registry.npmjs.org/ee-first/-/ee-first-1.1.1.tgz 5311ms (cache miss)
464 http fetch GET 200 https://registry.npmjs.org/dot-prop/-/dot-prop-5.3.0.tgz 5309ms (cache miss)
465 http fetch GET 200 https://registry.npmjs.org/destroy/-/destroy-1.0.4.tgz 5311ms (cache miss)
466 http fetch GET 200 https://registry.npmjs.org/duplexer3/-/duplexer3-0.1.4.tgz 5311ms (cache miss)
467 http fetch GET 200 https://registry.npmjs.org/configstore/-/configstore-5.0.1.tgz 5286ms (cache miss)
468 http fetch GET 200 https://registry.npmjs.org/undefsafe/-/undefsafe-2.0.3.tgz 5632ms (cache miss)
469 http fetch GET 200 https://registry.npmjs.org/registry-auth-token/-/registry-auth-token-4.2.1.tgz 5565ms (cache miss)
470 http fetch GET 200 https://registry.npmjs.org/proxy-addr/-/proxy-addr-2.0.6.tgz 5551ms (cache miss)
471 http fetch GET 200 https://registry.npmjs.org/ini/-/ini-1.3.7.tgz 5402ms (cache miss)
472 http fetch GET 200 https://registry.npmjs.org/escape-html/-/escape-html-1.0.3.tgz 5357ms (cache miss)
473 http fetch GET 200 https://registry.npmjs.org/forwarded/-/forwarded-0.1.2.tgz 5368ms (cache miss)
474 http fetch GET 200 https://registry.npmjs.org/cookie-signature/-/cookie-signature-1.0.6.tgz 5339ms (cache miss)
475 http fetch GET 200 https://registry.npmjs.org/end-of-stream/-/end-of-stream-1.4.4.tgz 5402ms (cache miss)
476 http fetch GET 200 https://registry.npmjs.org/encodeurl/-/encodeurl-1.0.2.tgz 5399ms (cache miss)
477 http fetch GET 200 https://registry.npmjs.org/escape-goat/-/escape-goat-2.1.1.tgz 5402ms (cache miss)
478 http fetch GET 200 https://registry.npmjs.org/etag/-/etag-1.8.1.tgz 5413ms (cache miss)
479 http fetch GET 200 https://registry.npmjs.org/defer-to-connect/-/defer-to-connect-1.1.3.tgz 5382ms (cache miss)
480 http fetch GET 200 https://registry.npmjs.org/color-name/-/color-name-1.1.4.tgz 5370ms (cache miss)
481 http fetch GET 200 https://registry.npmjs.org/clone-response/-/clone-response-1.0.2.tgz 5370ms (cache miss)
482 http fetch GET 200 https://registry.npmjs.org/cli-boxes/-/cli-boxes-2.2.1.tgz 5370ms (cache miss)
483 http fetch GET 200 https://registry.npmjs.org/content-type/-/content-type-1.0.4.tgz 5381ms (cache miss)
484 http fetch GET 200 https://registry.npmjs.org/brace-expansion/-/brace-expansion-1.1.11.tgz 5361ms (cache miss)
485 http fetch GET 200 https://registry.npmjs.org/@szmarczak/http-timer/-/http-timer-1.1.2.tgz 5369ms (cache miss)
486 http fetch GET 200 https://registry.npmjs.org/anymatch/-/anymatch-3.1.1.tgz 5373ms (cache miss)
487 http fetch GET 200 https://registry.npmjs.org/finalhandler/-/finalhandler-1.1.2.tgz 5446ms (cache miss)
488 http fetch GET 200 https://registry.npmjs.org/binary-extensions/-/binary-extensions-2.2.0.tgz 5397ms (cache miss)
489 http fetch GET 200 https://registry.npmjs.org/ansi-align/-/ansi-align-3.0.0.tgz 5432ms (cache miss)
490 http fetch GET 200 https://registry.npmjs.org/ansi-regex/-/ansi-regex-5.0.0.tgz 5433ms (cache miss)
491 http fetch GET 200 https://registry.npmjs.org/balanced-match/-/balanced-match-1.0.0.tgz 5436ms (cache miss)
492 http fetch GET 200 https://registry.npmjs.org/ms/-/ms-2.0.0.tgz 5347ms (cache miss)
493 http fetch GET 200 https://registry.npmjs.org/abbrev/-/abbrev-1.1.1.tgz 5438ms (cache miss)
494 http fetch GET 200 https://registry.npmjs.org/ansi-styles/-/ansi-styles-4.3.0.tgz 5471ms (cache miss)
495 http fetch GET 200 https://registry.npmjs.org/mime-types/-/mime-types-2.1.29.tgz 5716ms (cache miss)
496 http fetch GET 200 https://registry.npmjs.org/content-disposition/-/content-disposition-0.5.3.tgz 5548ms (cache miss)
497 http fetch GET 200 https://registry.npmjs.org/cacheable-request/-/cacheable-request-6.1.0.tgz 5536ms (cache miss)
498 http fetch GET 200 https://registry.npmjs.org/lowercase-keys/-/lowercase-keys-2.0.0.tgz 5433ms (cache miss)
499 http fetch GET 200 https://registry.npmjs.org/array-flatten/-/array-flatten-1.1.1.tgz 5558ms (cache miss)
500 http fetch GET 200 https://registry.npmjs.org/readdirp/-/readdirp-3.5.0.tgz 5846ms (cache miss)
501 http fetch GET 200 https://registry.npmjs.org/serve-static/-/serve-static-1.14.1.tgz 5871ms (cache miss)
502 http fetch GET 200 https://registry.npmjs.org/raw-body/-/raw-body-2.4.0.tgz 5836ms (cache miss)
503 http fetch GET 200 https://registry.npmjs.org/term-size/-/term-size-2.2.1.tgz 5900ms (cache miss)
504 http fetch GET 200 https://registry.npmjs.org/json-buffer/-/json-buffer-3.0.0.tgz 5781ms (cache miss)
505 http fetch GET 200 https://registry.npmjs.org/http-errors/-/http-errors-1.7.2.tgz 5688ms (cache miss)
506 http fetch GET 200 https://registry.npmjs.org/has-flag/-/has-flag-4.0.0.tgz 5562ms (cache miss)
507 http fetch GET 200 https://registry.npmjs.org/camelcase/-/camelcase-5.3.1.tgz 5699ms (cache miss)
508 http fetch GET 200 https://registry.npmjs.org/bytes/-/bytes-3.1.0.tgz 5730ms (cache miss)
509 http fetch GET 200 https://registry.npmjs.org/boxen/-/boxen-4.2.0.tgz 5742ms (cache miss)
510 http fetch GET 200 https://registry.npmjs.org/strip-ansi/-/strip-ansi-5.2.0.tgz 5618ms (cache miss)
511 http fetch GET 200 https://registry.npmjs.org/ci-info/-/ci-info-2.0.0.tgz 5789ms (cache miss)
512 http fetch GET 200 https://registry.npmjs.org/ms/-/ms-2.1.1.tgz 5727ms (cache miss)
513 http fetch GET 200 https://registry.npmjs.org/deep-extend/-/deep-extend-0.6.0.tgz 5876ms (cache miss)
514 http fetch GET 200 https://registry.npmjs.org/ms/-/ms-2.0.0.tgz 5752ms (cache miss)
515 http fetch GET 200 https://registry.npmjs.org/ms/-/ms-2.0.0.tgz 5736ms (cache miss)
516 http fetch GET 200 https://registry.npmjs.org/ms/-/ms-2.0.0.tgz 5728ms (cache miss)
517 http fetch GET 200 https://registry.npmjs.org/ms/-/ms-2.0.0.tgz 5745ms (cache miss)
518 http fetch GET 200 https://registry.npmjs.org/supports-color/-/supports-color-7.2.0.tgz 5775ms (cache miss)
519 http fetch GET 200 https://registry.npmjs.org/string-width/-/string-width-3.1.0.tgz 5768ms (cache miss)
520 http fetch GET 200 https://registry.npmjs.org/brace-expansion 5334ms (cache miss)
521 silly packumentCache corgi:https://registry.npmjs.org/brace-expansion set size:undefined disposed:false
522 http fetch GET 200 https://registry.npmjs.org/http-cache-semantics 5342ms (cache miss)
523 silly packumentCache corgi:https://registry.npmjs.org/http-cache-semantics set size:undefined disposed:false
524 http fetch GET 200 https://registry.npmjs.org/safer-buffer/-/safer-buffer-2.1.2.tgz 6201ms (cache miss)
525 http fetch GET 200 https://registry.npmjs.org/safe-buffer/-/safe-buffer-5.1.2.tgz 6200ms (cache miss)
526 http fetch GET 200 https://registry.npmjs.org/ansi-regex 5397ms (cache miss)
527 silly packumentCache corgi:https://registry.npmjs.org/ansi-regex set size:undefined disposed:false
528 http fetch GET 200 https://registry.npmjs.org/emoji-regex/-/emoji-regex-7.0.3.tgz 5761ms (cache miss)
529 http fetch GET 200 https://registry.npmjs.org/cookie 5391ms (cache miss)
530 silly packumentCache corgi:https://registry.npmjs.org/cookie set size:undefined disposed:false
531 http fetch GET 200 https://registry.npmjs.org/ansi-regex/-/ansi-regex-4.1.0.tgz 5745ms (cache miss)
532 http fetch GET 200 https://registry.npmjs.org/is-fullwidth-code-point/-/is-fullwidth-code-point-2.0.0.tgz 5810ms (cache miss)
533 http fetch GET 200 https://registry.npmjs.org/braces 5428ms (cache miss)
534 silly packumentCache corgi:https://registry.npmjs.org/braces set size:undefined disposed:false
535 http fetch GET 200 https://registry.npmjs.org/accepts/-/accepts-1.3.7.tgz 5987ms (cache miss)
536 http fetch GET 200 https://registry.npmjs.org/concat-map/-/concat-map-0.0.1.tgz 6018ms (cache miss)
537 http fetch GET 200 https://registry.npmjs.org/glob-parent 5449ms (cache miss)
538 silly packumentCache corgi:https://registry.npmjs.org/glob-parent set size:undefined disposed:false
539 http fetch GET 200 https://registry.npmjs.org/serve-static 5433ms (cache miss)
540 silly packumentCache corgi:https://registry.npmjs.org/serve-static set size:undefined disposed:false
541 http fetch GET 200 https://registry.npmjs.org/get-stream/-/get-stream-5.2.0.tgz 5930ms (cache miss)
542 http fetch GET 200 https://registry.npmjs.org/body-parser 5513ms (cache miss)
543 silly packumentCache corgi:https://registry.npmjs.org/body-parser set size:undefined disposed:false
544 http fetch GET 200 https://registry.npmjs.org/chalk/-/chalk-3.0.0.tgz 6096ms (cache miss)
545 http fetch GET 200 https://registry.npmjs.org/minimist 5520ms (cache miss)
546 silly packumentCache corgi:https://registry.npmjs.org/minimist set size:undefined disposed:false
547 http fetch GET 200 https://registry.npmjs.org/send/-/send-0.17.1.tgz 6398ms (cache miss)
548 http fetch GET 200 https://registry.npmjs.org/minimatch/-/minimatch-3.0.4.tgz 6333ms (cache miss)
549 http fetch GET 200 https://registry.npmjs.org/send 5532ms (cache miss)
550 silly packumentCache corgi:https://registry.npmjs.org/send set size:undefined disposed:false
551 http fetch GET 200 https://registry.npmjs.org/negotiator/-/negotiator-0.6.2.tgz 6365ms (cache miss)
552 http fetch GET 200 https://registry.npmjs.org/emoji-regex/-/emoji-regex-8.0.0.tgz 6217ms (cache miss)
553 http fetch GET 200 https://registry.npmjs.org/@sindresorhus/is/-/is-0.14.0.tgz 6169ms (cache miss)
554 http fetch GET 200 https://registry.npmjs.org/http-cache-semantics/-/http-cache-semantics-4.1.0.tgz 6271ms (cache miss)
555 http fetch GET 200 https://registry.npmjs.org/mime-db/-/mime-db-1.46.0.tgz 6429ms (cache miss)
556 http fetch GET 200 https://registry.npmjs.org/cookie/-/cookie-0.4.0.tgz 6228ms (cache miss)
557 http fetch GET 200 https://registry.npmjs.org/semver 5649ms (cache miss)
558 silly packumentCache corgi:https://registry.npmjs.org/semver set size:undefined disposed:false
559 http fetch GET 200 https://registry.npmjs.org/qs 5669ms (cache miss)
560 silly packumentCache corgi:https://registry.npmjs.org/qs set size:undefined disposed:false
561 http fetch GET 200 https://registry.npmjs.org/path-to-regexp 5684ms (cache miss)
562 silly packumentCache corgi:https://registry.npmjs.org/path-to-regexp set size:undefined disposed:false
563 http fetch GET 200 https://registry.npmjs.org/ipaddr.js/-/ipaddr.js-1.9.1.tgz 6386ms (cache miss)
564 http fetch GET 200 https://registry.npmjs.org/normalize-url 5704ms (cache miss)
565 silly packumentCache corgi:https://registry.npmjs.org/normalize-url set size:undefined disposed:false
566 http fetch GET 200 https://registry.npmjs.org/semver/-/semver-6.3.0.tgz 6200ms (cache miss)
567 http fetch GET 200 https://registry.npmjs.org/semver/-/semver-6.3.0.tgz 6219ms (cache miss)
568 http fetch GET 200 https://registry.npmjs.org/semver/-/semver-6.3.0.tgz 6223ms (cache miss)
569 http fetch GET 200 https://registry.npmjs.org/rc/-/rc-1.2.8.tgz 6631ms (cache miss)
570 http fetch GET 200 https://registry.npmjs.org/chokidar/-/chokidar-3.5.1.tgz 6387ms (cache miss)
571 http fetch GET 200 https://registry.npmjs.org/nopt/-/nopt-1.0.10.tgz 6618ms (cache miss)
572 http fetch GET 200 https://registry.npmjs.org/semver/-/semver-5.7.1.tgz 6660ms (cache miss)
573 http fetch GET 200 https://registry.npmjs.org/minimatch 5812ms (cache miss)
574 silly packumentCache corgi:https://registry.npmjs.org/minimatch set size:undefined disposed:false
575 http fetch GET 200 https://registry.npmjs.org/color-convert/-/color-convert-2.0.1.tgz 6416ms (cache miss)
576 http fetch GET 200 https://registry.npmjs.org/body-parser/-/body-parser-1.19.0.tgz 6454ms (cache miss)
577 http fetch GET 200 https://registry.npmjs.org/braces/-/braces-3.0.2.tgz 6514ms (cache miss)
578 http fetch GET 200 https://registry.npmjs.org/express 6012ms (cache miss)
579 silly packumentCache corgi:https://registry.npmjs.org/express set size:undefined disposed:false
580 http fetch GET 200 https://registry.npmjs.org/picomatch/-/picomatch-2.2.2.tgz 6878ms (cache miss)
581 http fetch GET 200 https://registry.npmjs.org/got 6092ms (cache miss)
582 silly packumentCache corgi:https://registry.npmjs.org/got set size:undefined disposed:false
583 http fetch GET 200 https://registry.npmjs.org/mime/-/mime-1.6.0.tgz 6893ms (cache miss)
584 http fetch GET 200 https://registry.npmjs.org/debug/-/debug-3.2.7.tgz 6728ms (cache miss)
585 http fetch GET 200 https://registry.npmjs.org/type-fest/-/type-fest-0.8.1.tgz 7127ms (cache miss)
586 silly packumentCache corgi:https://registry.npmjs.org/strip-ansi cache-miss
587 http fetch GET 200 https://registry.npmjs.org/debug/-/debug-2.6.9.tgz 6716ms (cache miss)
588 http fetch GET 200 https://registry.npmjs.org/express/-/express-4.17.1.tgz 6877ms (cache miss)
589 http fetch GET 200 https://registry.npmjs.org/debug/-/debug-2.6.9.tgz 6717ms (cache miss)
590 http fetch GET 200 https://registry.npmjs.org/debug/-/debug-2.6.9.tgz 6716ms (cache miss)
591 http fetch GET 200 https://registry.npmjs.org/minimist/-/minimist-1.2.5.tgz 7060ms (cache miss)
592 http fetch GET 200 https://registry.npmjs.org/debug/-/debug-2.6.9.tgz 6714ms (cache miss)
593 http fetch GET 200 https://registry.npmjs.org/debug/-/debug-2.6.9.tgz 6741ms (cache miss)
594 http fetch GET 200 https://registry.npmjs.org/got/-/got-9.6.0.tgz 6967ms (cache miss)
595 http fetch GET 200 https://registry.npmjs.org/qs/-/qs-6.7.0.tgz 7140ms (cache miss)
596 http fetch GET 200 https://registry.npmjs.org/iconv-lite/-/iconv-lite-0.4.24.tgz 7121ms (cache miss)
597 http fetch GET 200 https://registry.npmjs.org/strip-ansi 245ms (cache miss)
598 silly packumentCache corgi:https://registry.npmjs.org/strip-ansi set size:undefined disposed:false
599 http fetch GET 200 https://registry.npmjs.org/nodemon/-/nodemon-2.0.7.tgz 7296ms (cache miss)
600 info run nodemon@2.0.7 postinstall node_modules/nodemon node bin/postinstall || exit 0
601 silly packumentCache corgi:https://registry.npmjs.org/chokidar cache-miss
602 http fetch GET 200 https://registry.npmjs.org/chokidar 109ms (cache miss)
603 silly packumentCache corgi:https://registry.npmjs.org/chokidar set size:undefined disposed:false
604 silly packumentCache corgi:https://registry.npmjs.org/package-json cache-miss
605 info run nodemon@2.0.7 postinstall { code: 0, signal: null }
606 http fetch GET 200 https://registry.npmjs.org/package-json 323ms (cache miss)
607 silly packumentCache corgi:https://registry.npmjs.org/package-json set size:undefined disposed:false
608 silly packumentCache corgi:https://registry.npmjs.org/cacheable-request cache-miss
609 http fetch GET 200 https://registry.npmjs.org/cacheable-request 159ms (cache miss)
610 silly packumentCache corgi:https://registry.npmjs.org/cacheable-request set size:undefined disposed:false
611 silly packumentCache corgi:https://registry.npmjs.org/nodemon cache-miss
612 http fetch GET 200 https://registry.npmjs.org/nodemon 149ms (cache miss)
613 silly packumentCache corgi:https://registry.npmjs.org/nodemon set size:undefined disposed:false
614 silly packumentCache corgi:https://registry.npmjs.org/make-dir cache-miss
615 silly packumentCache corgi:https://registry.npmjs.org/semver-diff cache-miss
616 http fetch GET 200 https://registry.npmjs.org/make-dir 119ms (cache miss)
617 silly packumentCache corgi:https://registry.npmjs.org/make-dir set size:undefined disposed:false
618 http fetch GET 200 https://registry.npmjs.org/semver-diff 120ms (cache miss)
619 silly packumentCache corgi:https://registry.npmjs.org/semver-diff set size:undefined disposed:false
620 silly packumentCache corgi:https://registry.npmjs.org/rc cache-miss
621 http fetch GET 200 https://registry.npmjs.org/rc 120ms (cache miss)
622 silly packumentCache corgi:https://registry.npmjs.org/rc set size:undefined disposed:false
623 silly packumentCache corgi:https://registry.npmjs.org/latest-version cache-miss
624 http fetch GET 200 https://registry.npmjs.org/latest-version 131ms (cache miss)
625 silly packumentCache corgi:https://registry.npmjs.org/latest-version set size:undefined disposed:false
626 silly packumentCache corgi:https://registry.npmjs.org/update-notifier cache-miss
627 http fetch GET 200 https://registry.npmjs.org/update-notifier 113ms (cache miss)
628 silly packumentCache corgi:https://registry.npmjs.org/update-notifier set size:undefined disposed:false
629 silly ADD node_modules/xdg-basedir
630 silly ADD node_modules/write-file-atomic
631 silly ADD node_modules/wrappy
632 silly ADD node_modules/widest-line
633 silly ADD node_modules/vary
634 silly ADD node_modules/utils-merge
635 silly ADD node_modules/url-parse-lax
636 silly ADD node_modules/update-notifier
637 silly ADD node_modules/unpipe
638 silly ADD node_modules/unique-string
639 silly ADD node_modules/undefsafe
640 silly ADD node_modules/undefsafe/node_modules/ms
641 silly ADD node_modules/undefsafe/node_modules/debug
642 silly ADD node_modules/typedarray-to-buffer
643 silly ADD node_modules/type-is
644 silly ADD node_modules/type-fest
645 silly ADD node_modules/touch
646 silly ADD node_modules/toidentifier
647 silly ADD node_modules/to-regex-range
648 silly ADD node_modules/to-readable-stream
649 silly ADD node_modules/term-size
650 silly ADD node_modules/supports-color
651 silly ADD node_modules/strip-json-comments
652 silly ADD node_modules/strip-ansi
653 silly ADD node_modules/string-width
654 silly ADD node_modules/statuses
655 silly ADD node_modules/signal-exit
656 silly ADD node_modules/setprototypeof
657 silly ADD node_modules/serve-static
658 silly ADD node_modules/send
659 silly ADD node_modules/send/node_modules/ms
660 silly ADD node_modules/send/node_modules/debug
661 silly ADD node_modules/send/node_modules/debug/node_modules/ms
662 silly ADD node_modules/semver-diff
663 silly ADD node_modules/semver-diff/node_modules/semver
664 silly ADD node_modules/semver
665 silly ADD node_modules/safer-buffer
666 silly ADD node_modules/safe-buffer
667 silly ADD node_modules/responselike
668 silly ADD node_modules/registry-url
669 silly ADD node_modules/registry-auth-token
670 silly ADD node_modules/readdirp
671 silly ADD node_modules/rc
672 silly ADD node_modules/raw-body
673 silly ADD node_modules/range-parser
674 silly ADD node_modules/qs
675 silly ADD node_modules/pupa
676 silly ADD node_modules/pump
677 silly ADD node_modules/pstree.remy
678 silly ADD node_modules/proxy-addr
679 silly ADD node_modules/prepend-http
680 silly ADD node_modules/picomatch
681 silly ADD node_modules/path-to-regexp
682 silly ADD node_modules/parseurl
683 silly ADD node_modules/package-json
684 silly ADD node_modules/package-json/node_modules/semver
685 silly ADD node_modules/p-cancelable
686 silly ADD node_modules/once
687 silly ADD node_modules/on-finished
688 silly ADD node_modules/normalize-url
689 silly ADD node_modules/normalize-path
690 silly ADD node_modules/nopt
691 silly ADD node_modules/nodemon
692 silly ADD node_modules/negotiator
693 silly ADD node_modules/ms
694 silly ADD node_modules/minimist
695 silly ADD node_modules/minimatch
696 silly ADD node_modules/mimic-response
697 silly ADD node_modules/mime-types
698 silly ADD node_modules/mime-db
699 silly ADD node_modules/mime
700 silly ADD node_modules/methods
701 silly ADD node_modules/merge-descriptors
702 silly ADD node_modules/media-typer
703 silly ADD node_modules/make-dir
704 silly ADD node_modules/make-dir/node_modules/semver
705 silly ADD node_modules/lowercase-keys
706 silly ADD node_modules/latest-version
707 silly ADD node_modules/keyv
708 silly ADD node_modules/json-buffer
709 silly ADD node_modules/is-yarn-global
710 silly ADD node_modules/is-typedarray
711 silly ADD node_modules/is-path-inside
712 silly ADD node_modules/is-obj
713 silly ADD node_modules/is-number
714 silly ADD node_modules/is-npm
715 silly ADD node_modules/is-installed-globally
716 silly ADD node_modules/is-glob
717 silly ADD node_modules/is-fullwidth-code-point
718 silly ADD node_modules/is-extglob
719 silly ADD node_modules/is-ci
720 silly ADD node_modules/is-binary-path
721 silly ADD node_modules/ipaddr.js
722 silly ADD node_modules/ini
723 silly ADD node_modules/inherits
724 silly ADD node_modules/imurmurhash
725 silly ADD node_modules/import-lazy
726 silly ADD node_modules/ignore-by-default
727 silly ADD node_modules/iconv-lite
728 silly ADD node_modules/http-errors
729 silly ADD node_modules/http-cache-semantics
730 silly ADD node_modules/has-yarn
731 silly ADD node_modules/has-flag
732 silly ADD node_modules/graceful-fs
733 silly ADD node_modules/got
734 silly ADD node_modules/global-dirs
735 silly ADD node_modules/glob-parent
736 silly ADD node_modules/get-stream
737 silly ADD node_modules/fsevents
738 silly ADD node_modules/fresh
739 silly ADD node_modules/forwarded
740 silly ADD node_modules/finalhandler
741 silly ADD node_modules/finalhandler/node_modules/ms
742 silly ADD node_modules/finalhandler/node_modules/debug
743 silly ADD node_modules/fill-range
744 silly ADD node_modules/express
745 silly ADD node_modules/express/node_modules/ms
746 silly ADD node_modules/express/node_modules/debug
747 silly ADD node_modules/etag
748 silly ADD node_modules/escape-html
749 silly ADD node_modules/escape-goat
750 silly ADD node_modules/end-of-stream
751 silly ADD node_modules/encodeurl
752 silly ADD node_modules/emoji-regex
753 silly ADD node_modules/ee-first
754 silly ADD node_modules/duplexer3
755 silly ADD node_modules/dot-prop
756 silly ADD node_modules/destroy
757 silly ADD node_modules/depd
758 silly ADD node_modules/defer-to-connect
759 silly ADD node_modules/deep-extend
760 silly ADD node_modules/decompress-response
761 silly ADD node_modules/debug
762 silly ADD node_modules/crypto-random-string
763 silly ADD node_modules/cookie-signature
764 silly ADD node_modules/cookie
765 silly ADD node_modules/content-type
766 silly ADD node_modules/content-disposition
767 silly ADD node_modules/configstore
768 silly ADD node_modules/concat-map
769 silly ADD node_modules/color-name
770 silly ADD node_modules/color-convert
771 silly ADD node_modules/clone-response
772 silly ADD node_modules/cli-boxes
773 silly ADD node_modules/ci-info
774 silly ADD node_modules/chokidar
775 silly ADD node_modules/chalk
776 silly ADD node_modules/chalk/node_modules/supports-color
777 silly ADD node_modules/chalk/node_modules/has-flag
778 silly ADD node_modules/camelcase
779 silly ADD node_modules/cacheable-request
780 silly ADD node_modules/cacheable-request/node_modules/lowercase-keys
781 silly ADD node_modules/cacheable-request/node_modules/get-stream
782 silly ADD node_modules/bytes
783 silly ADD node_modules/braces
784 silly ADD node_modules/brace-expansion
785 silly ADD node_modules/boxen
786 silly ADD node_modules/body-parser
787 silly ADD node_modules/body-parser/node_modules/ms
788 silly ADD node_modules/body-parser/node_modules/debug
789 silly ADD node_modules/binary-extensions
790 silly ADD node_modules/balanced-match
791 silly ADD node_modules/array-flatten
792 silly ADD node_modules/anymatch
793 silly ADD node_modules/ansi-styles
794 silly ADD node_modules/ansi-regex
795 silly ADD node_modules/ansi-align
796 silly ADD node_modules/ansi-align/node_modules/strip-ansi
797 silly ADD node_modules/ansi-align/node_modules/string-width
798 silly ADD node_modules/ansi-align/node_modules/is-fullwidth-code-point
799 silly ADD node_modules/ansi-align/node_modules/emoji-regex
800 silly ADD node_modules/ansi-align/node_modules/ansi-regex
801 silly ADD node_modules/accepts
802 silly ADD node_modules/abbrev
803 silly ADD node_modules/@szmarczak/http-timer
804 silly ADD node_modules/@sindresorhus/is
805 verbose cwd C:\Users\hp\Desktop\node-express-course\02-express-tutorial
806 verbose os Windows_NT 10.0.26100
807 verbose node v22.16.0
808 verbose npm  v11.5.1
809 notice
809 notice New [36mpatch[39m version of npm available! [36m11.5.1[39m -> [34m11.5.2[39m
809 notice Changelog: [34mhttps://github.com/npm/cli/releases/tag/v11.5.2[39m
809 notice To update run: [4mnpm install -g npm@11.5.2[24m
809 notice  { force: true, [Symbol(proc-log.meta)]: true }
810 verbose exit 0
811 info ok
