0 verbose cli C:\Program Files\nodejs\node.exe C:\Users\hp\AppData\Roaming\npm\node_modules\npm\bin\npm-cli.js
1 info using npm@11.5.1
2 info using node@v22.16.0
3 silly config load:file:C:\Users\hp\AppData\Roaming\npm\node_modules\npm\npmrc
4 silly config load:file:C:\Users\hp\Desktop\node-express-course\02-express-tutorial\.npmrc
5 silly config load:file:C:\Users\hp\.npmrc
6 silly config load:file:C:\Users\hp\AppData\Roaming\npm\etc\npmrc
7 verbose title npm install
8 verbose argv "install"
9 verbose logfile logs-max:10 dir:C:\Users\hp\Desktop\node-express-course\02-express-tutorial\UsershpAppDataLocalTempnpm-cache\_logs\2025-08-11T11_19_44_757Z-
10 verbose logfile C:\Users\hp\Desktop\node-express-course\02-express-tutorial\UsershpAppDataLocalTempnpm-cache\_logs\2025-08-11T11_19_44_757Z-debug-0.log
11 silly logfile done cleaning log files
12 silly packumentCache heap:2197815296 maxSize:549453824 maxEntrySize:274726912
13 silly idealTree buildDeps
14 silly reify moves {}
15 silly audit bulk request {
15 silly audit   '@sindresorhus/is': [ '0.14.0' ],
15 silly audit   '@szmarczak/http-timer': [ '1.1.2' ],
15 silly audit   abbrev: [ '1.1.1' ],
15 silly audit   accepts: [ '1.3.7' ],
15 silly audit   'ansi-align': [ '3.0.0' ],
15 silly audit   'ansi-regex': [ '4.1.0', '5.0.0' ],
15 silly audit   'emoji-regex': [ '7.0.3', '8.0.0' ],
15 silly audit   'is-fullwidth-code-point': [ '2.0.0', '3.0.0' ],
15 silly audit   'string-width': [ '3.1.0', '4.2.2' ],
15 silly audit   'strip-ansi': [ '5.2.0', '6.0.0' ],
15 silly audit   'ansi-styles': [ '4.3.0' ],
15 silly audit   anymatch: [ '3.1.1' ],
15 silly audit   'array-flatten': [ '1.1.1' ],
15 silly audit   'balanced-match': [ '1.0.0' ],
15 silly audit   'binary-extensions': [ '2.2.0' ],
15 silly audit   'body-parser': [ '1.19.0' ],
15 silly audit   debug: [ '2.6.9', '3.2.7' ],
15 silly audit   ms: [ '2.0.0', '2.1.3', '2.1.1' ],
15 silly audit   boxen: [ '4.2.0' ],
15 silly audit   'brace-expansion': [ '1.1.11' ],
15 silly audit   braces: [ '3.0.2' ],
15 silly audit   bytes: [ '3.1.0' ],
15 silly audit   'cacheable-request': [ '6.1.0' ],
15 silly audit   'get-stream': [ '5.2.0', '4.1.0' ],
15 silly audit   'lowercase-keys': [ '2.0.0', '1.0.1' ],
15 silly audit   camelcase: [ '5.3.1' ],
15 silly audit   chalk: [ '3.0.0' ],
15 silly audit   'has-flag': [ '4.0.0', '3.0.0' ],
15 silly audit   'supports-color': [ '7.2.0', '5.5.0' ],
15 silly audit   chokidar: [ '3.5.1' ],
15 silly audit   'ci-info': [ '2.0.0' ],
15 silly audit   'cli-boxes': [ '2.2.1' ],
15 silly audit   'clone-response': [ '1.0.2' ],
15 silly audit   'color-convert': [ '2.0.1' ],
15 silly audit   'color-name': [ '1.1.4' ],
15 silly audit   'concat-map': [ '0.0.1' ],
15 silly audit   configstore: [ '5.0.1' ],
15 silly audit   'content-disposition': [ '0.5.3' ],
15 silly audit   'content-type': [ '1.0.4' ],
15 silly audit   cookie: [ '0.4.0' ],
15 silly audit   'cookie-signature': [ '1.0.6' ],
15 silly audit   'crypto-random-string': [ '2.0.0' ],
15 silly audit   'decompress-response': [ '3.3.0' ],
15 silly audit   'deep-extend': [ '0.6.0' ],
15 silly audit   'defer-to-connect': [ '1.1.3' ],
15 silly audit   depd: [ '1.1.2' ],
15 silly audit   destroy: [ '1.0.4' ],
15 silly audit   'dot-prop': [ '5.3.0' ],
15 silly audit   duplexer3: [ '0.1.4' ],
15 silly audit   'ee-first': [ '1.1.1' ],
15 silly audit   encodeurl: [ '1.0.2' ],
15 silly audit   'end-of-stream': [ '1.4.4' ],
15 silly audit   'escape-goat': [ '2.1.1' ],
15 silly audit   'escape-html': [ '1.0.3' ],
15 silly audit   etag: [ '1.8.1' ],
15 silly audit   express: [ '4.17.1' ],
15 silly audit   'fill-range': [ '7.0.1' ],
15 silly audit   finalhandler: [ '1.1.2' ],
15 silly audit   forwarded: [ '0.1.2' ],
15 silly audit   fresh: [ '0.5.2' ],
15 silly audit   fsevents: [ '2.3.2' ],
15 silly audit   'glob-parent': [ '5.1.1' ],
15 silly audit   'global-dirs': [ '2.1.0' ],
15 silly audit   got: [ '9.6.0' ],
15 silly audit   'graceful-fs': [ '4.2.6' ],
15 silly audit   'has-yarn': [ '2.1.0' ],
15 silly audit   'http-cache-semantics': [ '4.1.0' ],
15 silly audit   'http-errors': [ '1.7.2' ],
15 silly audit   'iconv-lite': [ '0.4.24' ],
15 silly audit   'ignore-by-default': [ '1.0.1' ],
15 silly audit   'import-lazy': [ '2.1.0' ],
15 silly audit   imurmurhash: [ '0.1.4' ],
15 silly audit   inherits: [ '2.0.3' ],
15 silly audit   ini: [ '1.3.7' ],
15 silly audit   'ipaddr.js': [ '1.9.1' ],
15 silly audit   'is-binary-path': [ '2.1.0' ],
15 silly audit   'is-ci': [ '2.0.0' ],
15 silly audit   'is-extglob': [ '2.1.1' ],
15 silly audit   'is-glob': [ '4.0.1' ],
15 silly audit   'is-installed-globally': [ '0.3.2' ],
15 silly audit   'is-npm': [ '4.0.0' ],
15 silly audit   'is-number': [ '7.0.0' ],
15 silly audit   'is-obj': [ '2.0.0' ],
15 silly audit   'is-path-inside': [ '3.0.2' ],
15 silly audit   'is-typedarray': [ '1.0.0' ],
15 silly audit   'is-yarn-global': [ '0.3.0' ],
15 silly audit   'json-buffer': [ '3.0.0' ],
15 silly audit   keyv: [ '3.1.0' ],
15 silly audit   'latest-version': [ '5.1.0' ],
15 silly audit   'make-dir': [ '3.1.0' ],
15 silly audit   semver: [ '6.3.0', '5.7.1' ],
15 silly audit   'media-typer': [ '0.3.0' ],
15 silly audit   'merge-descriptors': [ '1.0.1' ],
15 silly audit   methods: [ '1.1.2' ],
15 silly audit   mime: [ '1.6.0' ],
15 silly audit   'mime-db': [ '1.46.0' ],
15 silly audit   'mime-types': [ '2.1.29' ],
15 silly audit   'mimic-response': [ '1.0.1' ],
15 silly audit   minimatch: [ '3.0.4' ],
15 silly audit   minimist: [ '1.2.5' ],
15 silly audit   negotiator: [ '0.6.2' ],
15 silly audit   nodemon: [ '2.0.7' ],
15 silly audit   nopt: [ '1.0.10' ],
15 silly audit   'normalize-path': [ '3.0.0' ],
15 silly audit   'normalize-url': [ '4.5.0' ],
15 silly audit   'on-finished': [ '2.3.0' ],
15 silly audit   once: [ '1.4.0' ],
15 silly audit   'p-cancelable': [ '1.1.0' ],
15 silly audit   'package-json': [ '6.5.0' ],
15 silly audit   parseurl: [ '1.3.3' ],
15 silly audit   'path-to-regexp': [ '0.1.7' ],
15 silly audit   picomatch: [ '2.2.2' ],
15 silly audit   'prepend-http': [ '2.0.0' ],
15 silly audit   'proxy-addr': [ '2.0.6' ],
15 silly audit   'pstree.remy': [ '1.1.8' ],
15 silly audit   pump: [ '3.0.0' ],
15 silly audit   pupa: [ '2.1.1' ],
15 silly audit   qs: [ '6.7.0' ],
15 silly audit   'range-parser': [ '1.2.1' ],
15 silly audit   'raw-body': [ '2.4.0' ],
15 silly audit   rc: [ '1.2.8' ],
15 silly audit   readdirp: [ '3.5.0' ],
15 silly audit   'registry-auth-token': [ '4.2.1' ],
15 silly audit   'registry-url': [ '5.1.0' ],
15 silly audit   responselike: [ '1.0.2' ],
15 silly audit   'safe-buffer': [ '5.1.2' ],
15 silly audit   'safer-buffer': [ '2.1.2' ],
15 silly audit   'semver-diff': [ '3.1.1' ],
15 silly audit   send: [ '0.17.1' ],
15 silly audit   'serve-static': [ '1.14.1' ],
15 silly audit   setprototypeof: [ '1.1.1' ],
15 silly audit   'signal-exit': [ '3.0.3' ],
15 silly audit   statuses: [ '1.5.0' ],
15 silly audit   'strip-json-comments': [ '2.0.1' ],
15 silly audit   'term-size': [ '2.2.1' ],
15 silly audit   'to-readable-stream': [ '1.0.0' ],
15 silly audit   'to-regex-range': [ '5.0.1' ],
15 silly audit   toidentifier: [ '1.0.0' ],
15 silly audit   touch: [ '3.1.0' ],
15 silly audit   'type-fest': [ '0.8.1' ],
15 silly audit   'type-is': [ '1.6.18' ],
15 silly audit   'typedarray-to-buffer': [ '3.1.5' ],
15 silly audit   undefsafe: [ '2.0.3' ],
15 silly audit   'unique-string': [ '2.0.0' ],
15 silly audit   unpipe: [ '1.0.0' ],
15 silly audit   'update-notifier': [ '4.1.3' ],
15 silly audit   'url-parse-lax': [ '3.0.0' ],
15 silly audit   'utils-merge': [ '1.0.1' ],
15 silly audit   vary: [ '1.1.2' ],
15 silly audit   'widest-line': [ '3.1.0' ],
15 silly audit   wrappy: [ '1.0.2' ],
15 silly audit   'write-file-atomic': [ '3.0.3' ],
15 silly audit   'xdg-basedir': [ '4.0.0' ]
15 silly audit }
16 http fetch POST 200 https://registry.npmjs.org/-/npm/v1/security/advisories/bulk 1413ms
17 silly audit report {
17 silly audit report   'ansi-regex': [
17 silly audit report     {
17 silly audit report       id: 1094091,
17 silly audit report       url: 'https://github.com/advisories/GHSA-93q8-gq69-wqmw',
17 silly audit report       title: 'Inefficient Regular Expression Complexity in chalk/ansi-regex',
17 silly audit report       severity: 'high',
17 silly audit report       vulnerable_versions: '>=4.0.0 <4.1.1',
17 silly audit report       cwe: [Array],
17 silly audit report       cvss: [Object]
17 silly audit report     },
17 silly audit report     {
17 silly audit report       id: 1094092,
17 silly audit report       url: 'https://github.com/advisories/GHSA-93q8-gq69-wqmw',
17 silly audit report       title: 'Inefficient Regular Expression Complexity in chalk/ansi-regex',
17 silly audit report       severity: 'high',
17 silly audit report       vulnerable_versions: '>=5.0.0 <5.0.1',
17 silly audit report       cwe: [Array],
17 silly audit report       cvss: [Object]
17 silly audit report     }
17 silly audit report   ],
17 silly audit report   'body-parser': [
17 silly audit report     {
17 silly audit report       id: 1099520,
17 silly audit report       url: 'https://github.com/advisories/GHSA-qwcr-r2fm-qrc7',
17 silly audit report       title: 'body-parser vulnerable to denial of service when url encoding is enabled',
17 silly audit report       severity: 'high',
17 silly audit report       vulnerable_versions: '<1.20.3',
17 silly audit report       cwe: [Array],
17 silly audit report       cvss: [Object]
17 silly audit report     }
17 silly audit report   ],
17 silly audit report   'brace-expansion': [
17 silly audit report     {
17 silly audit report       id: 1105443,
17 silly audit report       url: 'https://github.com/advisories/GHSA-v6h2-p8h4-qcjw',
17 silly audit report       title: 'brace-expansion Regular Expression Denial of Service vulnerability',
17 silly audit report       severity: 'low',
17 silly audit report       vulnerable_versions: '>=1.0.0 <=1.1.11',
17 silly audit report       cwe: [Array],
17 silly audit report       cvss: [Object]
17 silly audit report     }
17 silly audit report   ],
17 silly audit report   braces: [
17 silly audit report     {
17 silly audit report       id: 1098094,
17 silly audit report       url: 'https://github.com/advisories/GHSA-grv7-fg5c-xmjg',
17 silly audit report       title: 'Uncontrolled resource consumption in braces',
17 silly audit report       severity: 'high',
17 silly audit report       vulnerable_versions: '<3.0.3',
17 silly audit report       cwe: [Array],
17 silly audit report       cvss: [Object]
17 silly audit report     }
17 silly audit report   ],
17 silly audit report   cookie: [
17 silly audit report     {
17 silly audit report       id: 1103907,
17 silly audit report       url: 'https://github.com/advisories/GHSA-pxg6-pf52-xh8x',
17 silly audit report       title: 'cookie accepts cookie name, path, and domain with out of bounds characters',
17 silly audit report       severity: 'low',
17 silly audit report       vulnerable_versions: '<0.7.0',
17 silly audit report       cwe: [Array],
17 silly audit report       cvss: [Object]
17 silly audit report     }
17 silly audit report   ],
17 silly audit report   express: [
17 silly audit report     {
17 silly audit report       id: 1100530,
17 silly audit report       url: 'https://github.com/advisories/GHSA-qw6h-vgh9-j6wx',
17 silly audit report       title: 'express vulnerable to XSS via response.redirect()',
17 silly audit report       severity: 'low',
17 silly audit report       vulnerable_versions: '<4.20.0',
17 silly audit report       cwe: [Array],
17 silly audit report       cvss: [Object]
17 silly audit report     },
17 silly audit report     {
17 silly audit report       id: 1096820,
17 silly audit report       url: 'https://github.com/advisories/GHSA-rv95-896h-c2vc',
17 silly audit report       title: 'Express.js Open Redirect in malformed URLs',
17 silly audit report       severity: 'moderate',
17 silly audit report       vulnerable_versions: '<4.19.2',
17 silly audit report       cwe: [Array],
17 silly audit report       cvss: [Object]
17 silly audit report     }
17 silly audit report   ],
17 silly audit report   'glob-parent': [
17 silly audit report     {
17 silly audit report       id: 1097712,
17 silly audit report       url: 'https://github.com/advisories/GHSA-ww39-953v-wcq6',
17 silly audit report       title: 'glob-parent vulnerable to Regular Expression Denial of Service in enclosure regex',
17 silly audit report       severity: 'high',
17 silly audit report       vulnerable_versions: '>=4.0.0 <5.1.2',
17 silly audit report       cwe: [Array],
17 silly audit report       cvss: [Object]
17 silly audit report     }
17 silly audit report   ],
17 silly audit report   got: [
17 silly audit report     {
17 silly audit report       id: 1088948,
17 silly audit report       url: 'https://github.com/advisories/GHSA-pfrx-2q88-qq97',
17 silly audit report       title: 'Got allows a redirect to a UNIX socket',
17 silly audit report       severity: 'moderate',
17 silly audit report       vulnerable_versions: '<11.8.5',
17 silly audit report       cwe: [],
17 silly audit report       cvss: [Object]
17 silly audit report     }
17 silly audit report   ],
17 silly audit report   'http-cache-semantics': [
17 silly audit report     {
17 silly audit report       id: 1102456,
17 silly audit report       url: 'https://github.com/advisories/GHSA-rc47-6667-2j5j',
17 silly audit report       title: 'http-cache-semantics vulnerable to Regular Expression Denial of Service',
17 silly audit report       severity: 'high',
17 silly audit report       vulnerable_versions: '<4.1.1',
17 silly audit report       cwe: [Array],
17 silly audit report       cvss: [Object]
17 silly audit report     }
17 silly audit report   ],
17 silly audit report   semver: [
17 silly audit report     {
17 silly audit report       id: 1101089,
17 silly audit report       url: 'https://github.com/advisories/GHSA-c2qf-rxjj-qqgw',
17 silly audit report       title: 'semver vulnerable to Regular Expression Denial of Service',
17 silly audit report       severity: 'high',
17 silly audit report       vulnerable_versions: '<5.7.2',
17 silly audit report       cwe: [Array],
17 silly audit report       cvss: [Object]
17 silly audit report     },
17 silly audit report     {
17 silly audit report       id: 1101090,
17 silly audit report       url: 'https://github.com/advisories/GHSA-c2qf-rxjj-qqgw',
17 silly audit report       title: 'semver vulnerable to Regular Expression Denial of Service',
17 silly audit report       severity: 'high',
17 silly audit report       vulnerable_versions: '>=6.0.0 <6.3.1',
17 silly audit report       cwe: [Array],
17 silly audit report       cvss: [Object]
17 silly audit report     }
17 silly audit report   ],
17 silly audit report   minimatch: [
17 silly audit report     {
17 silly audit report       id: 1096485,
17 silly audit report       url: 'https://github.com/advisories/GHSA-f8q6-p94x-37v3',
17 silly audit report       title: 'minimatch ReDoS vulnerability',
17 silly audit report       severity: 'high',
17 silly audit report       vulnerable_versions: '<3.0.5',
17 silly audit report       cwe: [Array],
17 silly audit report       cvss: [Object]
17 silly audit report     }
17 silly audit report   ],
17 silly audit report   minimist: [
17 silly audit report     {
17 silly audit report       id: 1097678,
17 silly audit report       url: 'https://github.com/advisories/GHSA-xvch-5gv4-984h',
17 silly audit report       title: 'Prototype Pollution in minimist',
17 silly audit report       severity: 'critical',
17 silly audit report       vulnerable_versions: '>=1.0.0 <1.2.6',
17 silly audit report       cwe: [Array],
17 silly audit report       cvss: [Object]
17 silly audit report     }
17 silly audit report   ],
17 silly audit report   'normalize-url': [
17 silly audit report     {
17 silly audit report       id: 1095142,
17 silly audit report       url: 'https://github.com/advisories/GHSA-px4h-xg32-q955',
17 silly audit report       title: 'ReDoS in normalize-url',
17 silly audit report       severity: 'high',
17 silly audit report       vulnerable_versions: '>=4.3.0 <4.5.1',
17 silly audit report       cwe: [Array],
17 silly audit report       cvss: [Object]
17 silly audit report     }
17 silly audit report   ],
17 silly audit report   'path-to-regexp': [
17 silly audit report     {
17 silly audit report       id: 1101850,
17 silly audit report       url: 'https://github.com/advisories/GHSA-9wv6-86v2-598j',
17 silly audit report       title: 'path-to-regexp outputs backtracking regular expressions',
17 silly audit report       severity: 'high',
17 silly audit report       vulnerable_versions: '<0.1.10',
17 silly audit report       cwe: [Array],
17 silly audit report       cvss: [Object]
17 silly audit report     },
17 silly audit report     {
17 silly audit report       id: 1105199,
17 silly audit report       url: 'https://github.com/advisories/GHSA-rhx6-c78j-4q9w',
17 silly audit report       title: 'path-to-regexp contains a ReDoS',
17 silly audit report       severity: 'high',
17 silly audit report       vulnerable_versions: '<0.1.12',
17 silly audit report       cwe: [Array],
17 silly audit report       cvss: [Object]
17 silly audit report     }
17 silly audit report   ],
17 silly audit report   qs: [
17 silly audit report     {
17 silly audit report       id: 1104120,
17 silly audit report       url: 'https://github.com/advisories/GHSA-hrpp-h998-j3pp',
17 silly audit report       title: 'qs vulnerable to Prototype Pollution',
17 silly audit report       severity: 'high',
17 silly audit report       vulnerable_versions: '>=6.7.0 <6.7.3',
17 silly audit report       cwe: [Array],
17 silly audit report       cvss: [Object]
17 silly audit report     }
17 silly audit report   ],
17 silly audit report   send: [
17 silly audit report     {
17 silly audit report       id: 1100526,
17 silly audit report       url: 'https://github.com/advisories/GHSA-m6fv-jmcg-4jfg',
17 silly audit report       title: 'send vulnerable to template injection that can lead to XSS',
17 silly audit report       severity: 'low',
17 silly audit report       vulnerable_versions: '<0.19.0',
17 silly audit report       cwe: [Array],
17 silly audit report       cvss: [Object]
17 silly audit report     }
17 silly audit report   ],
17 silly audit report   'serve-static': [
17 silly audit report     {
17 silly audit report       id: 1100528,
17 silly audit report       url: 'https://github.com/advisories/GHSA-cm22-4g7w-348p',
17 silly audit report       title: 'serve-static vulnerable to template injection that can lead to XSS',
17 silly audit report       severity: 'low',
17 silly audit report       vulnerable_versions: '<1.16.0',
17 silly audit report       cwe: [Array],
17 silly audit report       cvss: [Object]
17 silly audit report     }
17 silly audit report   ]
17 silly audit report }
18 silly packumentCache corgi:https://registry.npmjs.org/ansi-regex cache-miss
19 silly packumentCache corgi:https://registry.npmjs.org/body-parser cache-miss
20 silly packumentCache corgi:https://registry.npmjs.org/brace-expansion cache-miss
21 silly packumentCache corgi:https://registry.npmjs.org/braces cache-miss
22 silly packumentCache corgi:https://registry.npmjs.org/cookie cache-miss
23 silly packumentCache corgi:https://registry.npmjs.org/express cache-miss
24 silly packumentCache corgi:https://registry.npmjs.org/glob-parent cache-miss
25 silly packumentCache corgi:https://registry.npmjs.org/got cache-miss
26 silly packumentCache corgi:https://registry.npmjs.org/http-cache-semantics cache-miss
27 silly packumentCache corgi:https://registry.npmjs.org/semver cache-miss
28 silly packumentCache corgi:https://registry.npmjs.org/minimatch cache-miss
29 silly packumentCache corgi:https://registry.npmjs.org/minimist cache-miss
30 silly packumentCache corgi:https://registry.npmjs.org/normalize-url cache-miss
31 silly packumentCache corgi:https://registry.npmjs.org/path-to-regexp cache-miss
32 silly packumentCache corgi:https://registry.npmjs.org/qs cache-miss
33 silly packumentCache corgi:https://registry.npmjs.org/send cache-miss
34 silly packumentCache corgi:https://registry.npmjs.org/serve-static cache-miss
35 http fetch GET 200 https://registry.npmjs.org/body-parser 353ms (cache revalidated)
36 silly packumentCache corgi:https://registry.npmjs.org/body-parser set size:74404 disposed:false
37 http fetch GET 200 https://registry.npmjs.org/qs 508ms (cache revalidated)
38 silly packumentCache corgi:https://registry.npmjs.org/qs set size:109860 disposed:false
39 http fetch GET 200 https://registry.npmjs.org/brace-expansion 584ms (cache revalidated)
40 silly packumentCache corgi:https://registry.npmjs.org/brace-expansion set size:16192 disposed:false
41 http fetch GET 200 https://registry.npmjs.org/serve-static 563ms (cache revalidated)
42 silly packumentCache corgi:https://registry.npmjs.org/serve-static set size:56254 disposed:false
43 http fetch GET 200 https://registry.npmjs.org/cookie 595ms (cache revalidated)
44 silly packumentCache corgi:https://registry.npmjs.org/cookie set size:22175 disposed:false
45 http fetch GET 200 https://registry.npmjs.org/semver 709ms (cache revalidated)
46 silly packumentCache corgi:https://registry.npmjs.org/semver set size:94787 disposed:false
47 http fetch GET 200 https://registry.npmjs.org/minimist 713ms (cache revalidated)
48 silly packumentCache corgi:https://registry.npmjs.org/minimist set size:29263 disposed:false
49 http fetch GET 200 https://registry.npmjs.org/glob-parent 724ms (cache revalidated)
50 silly packumentCache corgi:https://registry.npmjs.org/glob-parent set size:17983 disposed:false
51 http fetch GET 200 https://registry.npmjs.org/path-to-regexp 716ms (cache revalidated)
52 silly packumentCache corgi:https://registry.npmjs.org/path-to-regexp set size:62557 disposed:false
53 http fetch GET 200 https://registry.npmjs.org/send 841ms (cache revalidated)
54 silly packumentCache corgi:https://registry.npmjs.org/send set size:60926 disposed:false
55 http fetch GET 200 https://registry.npmjs.org/got 862ms (cache revalidated)
56 silly packumentCache corgi:https://registry.npmjs.org/got set size:331196 disposed:false
57 http fetch GET 200 https://registry.npmjs.org/minimatch 875ms (cache revalidated)
58 silly packumentCache corgi:https://registry.npmjs.org/minimatch set size:143741 disposed:false
59 http fetch GET 200 https://registry.npmjs.org/normalize-url 898ms (cache revalidated)
60 silly packumentCache corgi:https://registry.npmjs.org/normalize-url set size:61689 disposed:false
61 http fetch GET 200 https://registry.npmjs.org/ansi-regex 930ms (cache revalidated)
62 silly packumentCache corgi:https://registry.npmjs.org/ansi-regex set size:17900 disposed:false
63 http fetch GET 200 https://registry.npmjs.org/braces 929ms (cache revalidated)
64 silly packumentCache corgi:https://registry.npmjs.org/braces set size:35919 disposed:false
65 http fetch GET 200 https://registry.npmjs.org/express 930ms (cache revalidated)
66 silly packumentCache corgi:https://registry.npmjs.org/express set size:331341 disposed:false
67 http fetch GET 200 https://registry.npmjs.org/http-cache-semantics 963ms (cache revalidated)
68 silly packumentCache corgi:https://registry.npmjs.org/http-cache-semantics set size:23293 disposed:false
69 silly packumentCache corgi:https://registry.npmjs.org/strip-ansi cache-miss
70 http fetch GET 200 https://registry.npmjs.org/strip-ansi 174ms (cache revalidated)
71 silly packumentCache corgi:https://registry.npmjs.org/strip-ansi set size:17904 disposed:false
72 silly packumentCache corgi:https://registry.npmjs.org/chokidar cache-miss
73 http fetch GET 200 https://registry.npmjs.org/chokidar 138ms (cache revalidated)
74 silly packumentCache corgi:https://registry.npmjs.org/chokidar set size:118541 disposed:false
75 silly packumentCache corgi:https://registry.npmjs.org/package-json cache-miss
76 http fetch GET 200 https://registry.npmjs.org/package-json 195ms (cache revalidated)
77 silly packumentCache corgi:https://registry.npmjs.org/package-json set size:33596 disposed:false
78 silly packumentCache corgi:https://registry.npmjs.org/cacheable-request cache-miss
79 http fetch GET 200 https://registry.npmjs.org/cacheable-request 146ms (cache revalidated)
80 silly packumentCache corgi:https://registry.npmjs.org/cacheable-request set size:106163 disposed:false
81 silly packumentCache corgi:https://registry.npmjs.org/nodemon cache-miss
82 http fetch GET 200 https://registry.npmjs.org/nodemon 385ms (cache revalidated)
83 silly packumentCache corgi:https://registry.npmjs.org/nodemon set size:277481 disposed:false
84 silly packumentCache corgi:https://registry.npmjs.org/make-dir cache-miss
85 silly packumentCache corgi:https://registry.npmjs.org/semver-diff cache-miss
86 http fetch GET 200 https://registry.npmjs.org/semver-diff 113ms (cache revalidated)
87 silly packumentCache corgi:https://registry.npmjs.org/semver-diff set size:8657 disposed:false
88 http fetch GET 200 https://registry.npmjs.org/make-dir 429ms (cache revalidated)
89 silly packumentCache corgi:https://registry.npmjs.org/make-dir set size:15624 disposed:false
90 silly packumentCache corgi:https://registry.npmjs.org/rc cache-miss
91 http fetch GET 200 https://registry.npmjs.org/rc 106ms (cache revalidated)
92 silly packumentCache corgi:https://registry.npmjs.org/rc set size:29081 disposed:false
93 silly packumentCache corgi:https://registry.npmjs.org/latest-version cache-miss
94 http fetch GET 200 https://registry.npmjs.org/latest-version 124ms (cache revalidated)
95 silly packumentCache corgi:https://registry.npmjs.org/latest-version set size:15360 disposed:false
96 silly packumentCache corgi:https://registry.npmjs.org/update-notifier cache-miss
97 http fetch GET 200 https://registry.npmjs.org/update-notifier 394ms (cache revalidated)
98 silly packumentCache corgi:https://registry.npmjs.org/update-notifier set size:56608 disposed:false
99 verbose cwd C:\Users\hp\Desktop\node-express-course\02-express-tutorial
100 verbose os Windows_NT 10.0.26100
101 verbose node v22.16.0
102 verbose npm  v11.5.1
103 verbose exit 0
104 info ok
