0 verbose cli C:\Program Files\nodejs\node.exe C:\Users\hp\AppData\Roaming\npm\node_modules\npm\bin\npm-cli.js
1 info using npm@11.5.1
2 info using node@v22.16.0
3 silly config load:file:C:\Users\hp\AppData\Roaming\npm\node_modules\npm\npmrc
4 silly config load:file:C:\Users\hp\Desktop\node-express-course\03-task-manager\starter\.npmrc
5 silly config load:file:C:\Users\hp\.npmrc
6 silly config load:file:C:\Users\hp\AppData\Roaming\npm\etc\npmrc
7 verbose title npm install mongoose
8 verbose argv "install" "mongoose"
9 verbose logfile logs-max:10 dir:C:\Users\hp\Desktop\node-express-course\03-task-manager\starter\UsershpAppDataLocalTempnpm-cache\_logs\2025-08-17T20_23_31_631Z-
10 verbose logfile C:\Users\hp\Desktop\node-express-course\03-task-manager\starter\UsershpAppDataLocalTempnpm-cache\_logs\2025-08-17T20_23_31_631Z-debug-0.log
11 silly logfile done cleaning log files
12 silly packumentCache heap:2197815296 maxSize:549453824 maxEntrySize:274726912
13 silly idealTree buildDeps
14 silly fetch manifest mongoose@*
15 silly packumentCache full:https://registry.npmjs.org/mongoose cache-miss
16 http cache https://registry.npmjs.org/mongoose 44ms (cache hit)
17 silly packumentCache full:https://registry.npmjs.org/mongoose set size:3792227 disposed:false
18 silly placeDep ROOT mongoose@8.17.1 REPLACE for: jobs@1.0.0 want: *
19 silly fetch manifest bson@^6.10.4
20 silly packumentCache full:https://registry.npmjs.org/bson cache-miss
21 silly fetch manifest kareem@2.6.3
22 silly packumentCache full:https://registry.npmjs.org/kareem cache-miss
23 silly fetch manifest mongodb@~6.18.0
24 silly packumentCache full:https://registry.npmjs.org/mongodb cache-miss
25 silly fetch manifest mpath@0.9.0
26 silly packumentCache full:https://registry.npmjs.org/mpath cache-miss
27 silly fetch manifest mquery@5.0.0
28 silly packumentCache full:https://registry.npmjs.org/mquery cache-miss
29 silly fetch manifest ms@2.1.3
30 silly packumentCache full:https://registry.npmjs.org/ms cache-miss
31 silly fetch manifest sift@17.1.3
32 silly packumentCache full:https://registry.npmjs.org/sift cache-miss
33 http fetch GET 200 https://registry.npmjs.org/mpath 293ms (cache revalidated)
34 silly packumentCache full:https://registry.npmjs.org/mpath set size:50832 disposed:false
35 http fetch GET 200 https://registry.npmjs.org/mquery 296ms (cache revalidated)
36 silly packumentCache full:https://registry.npmjs.org/mquery set size:204830 disposed:false
37 http fetch GET 200 https://registry.npmjs.org/ms 312ms (cache revalidated)
38 silly packumentCache full:https://registry.npmjs.org/ms set size:84883 disposed:false
39 http fetch GET 200 https://registry.npmjs.org/kareem 317ms (cache revalidated)
40 silly packumentCache full:https://registry.npmjs.org/kareem set size:111752 disposed:false
41 http fetch GET 200 https://registry.npmjs.org/bson 319ms (cache revalidated)
42 silly packumentCache full:https://registry.npmjs.org/bson set size:547800 disposed:false
43 http fetch GET 200 https://registry.npmjs.org/sift 328ms (cache revalidated)
44 silly packumentCache full:https://registry.npmjs.org/sift set size:398463 disposed:false
45 http fetch GET 200 https://registry.npmjs.org/mongodb 346ms (cache revalidated)
46 silly packumentCache full:https://registry.npmjs.org/mongodb set size:3387390 disposed:false
47 silly fetch manifest @aws-sdk/credential-providers@^3.188.0
48 silly packumentCache full:https://registry.npmjs.org/@aws-sdk%2fcredential-providers cache-miss
49 http fetch GET 200 https://registry.npmjs.org/@aws-sdk%2fcredential-providers 439ms (cache miss)
50 silly packumentCache full:https://registry.npmjs.org/@aws-sdk%2fcredential-providers set size:undefined disposed:false
51 silly fetch manifest @mongodb-js/zstd@^1.1.0 || ^2.0.0
52 silly packumentCache full:https://registry.npmjs.org/@mongodb-js%2fzstd cache-miss
53 http fetch GET 200 https://registry.npmjs.org/@mongodb-js%2fzstd 338ms (cache miss)
54 silly packumentCache full:https://registry.npmjs.org/@mongodb-js%2fzstd set size:undefined disposed:false
55 silly fetch manifest gcp-metadata@^5.2.0
56 silly packumentCache full:https://registry.npmjs.org/gcp-metadata cache-miss
57 http fetch GET 200 https://registry.npmjs.org/gcp-metadata 82ms (cache miss)
58 silly packumentCache full:https://registry.npmjs.org/gcp-metadata set size:undefined disposed:false
59 silly fetch manifest kerberos@^2.0.1
60 silly packumentCache full:https://registry.npmjs.org/kerberos cache-miss
61 http fetch GET 200 https://registry.npmjs.org/kerberos 83ms (cache miss)
62 silly packumentCache full:https://registry.npmjs.org/kerberos set size:undefined disposed:false
63 silly fetch manifest mongodb-client-encryption@>=6.0.0 <7
64 silly packumentCache full:https://registry.npmjs.org/mongodb-client-encryption cache-miss
65 http fetch GET 200 https://registry.npmjs.org/mongodb-client-encryption 103ms (cache miss)
66 silly packumentCache full:https://registry.npmjs.org/mongodb-client-encryption set size:undefined disposed:false
67 silly fetch manifest snappy@^7.2.2
68 silly packumentCache full:https://registry.npmjs.org/snappy cache-miss
69 http fetch GET 200 https://registry.npmjs.org/snappy 118ms (cache miss)
70 silly packumentCache full:https://registry.npmjs.org/snappy set size:undefined disposed:false
71 silly fetch manifest socks@^2.7.1
72 silly packumentCache full:https://registry.npmjs.org/socks cache-miss
73 http fetch GET 200 https://registry.npmjs.org/socks 82ms (cache miss)
74 silly packumentCache full:https://registry.npmjs.org/socks set size:undefined disposed:false
75 silly placeDep ROOT bson@6.10.4 OK for: mongoose@8.17.1 want: ^6.10.4
76 silly placeDep ROOT kareem@2.6.3 OK for: mongoose@8.17.1 want: 2.6.3
77 silly placeDep ROOT mongodb@6.18.0 OK for: mongoose@8.17.1 want: ~6.18.0
78 silly placeDep ROOT mpath@0.9.0 OK for: mongoose@8.17.1 want: 0.9.0
79 silly placeDep ROOT mquery@5.0.0 OK for: mongoose@8.17.1 want: 5.0.0
80 silly placeDep node_modules/mongoose ms@2.1.3 OK for: mongoose@8.17.1 want: 2.1.3
81 silly placeDep ROOT sift@17.1.3 OK for: mongoose@8.17.1 want: 17.1.3
82 silly fetch manifest @mongodb-js/saslprep@^1.1.9
83 silly packumentCache full:https://registry.npmjs.org/@mongodb-js%2fsaslprep cache-miss
84 silly fetch manifest mongodb-connection-string-url@^3.0.0
85 silly packumentCache full:https://registry.npmjs.org/mongodb-connection-string-url cache-miss
86 silly fetch manifest debug@4.x
87 silly packumentCache full:https://registry.npmjs.org/debug cache-miss
88 http fetch GET 200 https://registry.npmjs.org/debug 71ms (cache revalidated)
89 silly packumentCache full:https://registry.npmjs.org/debug set size:193521 disposed:false
90 http fetch GET 200 https://registry.npmjs.org/@mongodb-js%2fsaslprep 93ms (cache miss)
91 silly packumentCache full:https://registry.npmjs.org/@mongodb-js%2fsaslprep set size:undefined disposed:false
92 http fetch GET 200 https://registry.npmjs.org/mongodb-connection-string-url 97ms (cache miss)
93 silly packumentCache full:https://registry.npmjs.org/mongodb-connection-string-url set size:undefined disposed:false
94 silly placeDep ROOT @mongodb-js/saslprep@1.3.0 OK for: mongodb@6.18.0 want: ^1.1.9
95 silly placeDep ROOT mongodb-connection-string-url@3.0.2 OK for: mongodb@6.18.0 want: ^3.0.0
96 silly fetch manifest sparse-bitfield@^3.0.3
97 silly packumentCache full:https://registry.npmjs.org/sparse-bitfield cache-miss
98 silly fetch manifest whatwg-url@^14.1.0 || ^13.0.0
99 silly packumentCache full:https://registry.npmjs.org/whatwg-url cache-miss
100 silly fetch manifest @types/whatwg-url@^11.0.2
101 silly packumentCache full:https://registry.npmjs.org/@types%2fwhatwg-url cache-miss
102 http fetch GET 200 https://registry.npmjs.org/sparse-bitfield 80ms (cache revalidated)
103 silly packumentCache full:https://registry.npmjs.org/sparse-bitfield set size:18366 disposed:false
104 http fetch GET 200 https://registry.npmjs.org/@types%2fwhatwg-url 82ms (cache miss)
105 silly packumentCache full:https://registry.npmjs.org/@types%2fwhatwg-url set size:undefined disposed:false
106 http fetch GET 200 https://registry.npmjs.org/whatwg-url 84ms (cache miss)
107 silly packumentCache full:https://registry.npmjs.org/whatwg-url set size:undefined disposed:false
108 silly placeDep ROOT sparse-bitfield@3.0.3 OK for: @mongodb-js/saslprep@1.3.0 want: ^3.0.3
109 silly fetch manifest memory-pager@^1.0.2
110 silly packumentCache full:https://registry.npmjs.org/memory-pager cache-miss
111 http fetch GET 200 https://registry.npmjs.org/memory-pager 65ms (cache revalidated)
112 silly packumentCache full:https://registry.npmjs.org/memory-pager set size:21090 disposed:false
113 silly placeDep ROOT @types/whatwg-url@11.0.5 OK for: mongodb-connection-string-url@3.0.2 want: ^11.0.2
114 silly placeDep ROOT whatwg-url@14.2.0 OK for: mongodb-connection-string-url@3.0.2 want: ^14.1.0 || ^13.0.0
115 silly fetch manifest @types/webidl-conversions@*
116 silly packumentCache full:https://registry.npmjs.org/@types%2fwebidl-conversions cache-miss
117 silly fetch manifest tr46@^5.1.0
118 silly packumentCache full:https://registry.npmjs.org/tr46 cache-miss
119 silly fetch manifest webidl-conversions@^7.0.0
120 silly packumentCache full:https://registry.npmjs.org/webidl-conversions cache-miss
121 http fetch GET 200 https://registry.npmjs.org/tr46 97ms (cache miss)
122 silly packumentCache full:https://registry.npmjs.org/tr46 set size:undefined disposed:false
123 http fetch GET 200 https://registry.npmjs.org/webidl-conversions 100ms (cache miss)
124 silly packumentCache full:https://registry.npmjs.org/webidl-conversions set size:undefined disposed:false
125 http fetch GET 200 https://registry.npmjs.org/@types%2fwebidl-conversions 107ms (cache miss)
126 silly packumentCache full:https://registry.npmjs.org/@types%2fwebidl-conversions set size:undefined disposed:false
127 silly placeDep ROOT @types/webidl-conversions@7.0.3 OK for: @types/whatwg-url@11.0.5 want: *
128 silly placeDep node_modules/mquery debug@4.4.1 OK for: mquery@5.0.0 want: 4.x
129 silly fetch manifest ms@^2.1.3
130 silly packumentCache full:https://registry.npmjs.org/ms cache-hit
131 silly placeDep ROOT memory-pager@1.5.0 OK for: sparse-bitfield@3.0.3 want: ^1.0.2
132 silly placeDep ROOT tr46@5.1.1 OK for: whatwg-url@14.2.0 want: ^5.1.0
133 silly placeDep ROOT webidl-conversions@7.0.0 OK for: whatwg-url@14.2.0 want: ^7.0.0
134 silly fetch manifest punycode@^2.3.1
135 silly packumentCache full:https://registry.npmjs.org/punycode cache-miss
136 http fetch GET 200 https://registry.npmjs.org/punycode 74ms (cache miss)
137 silly packumentCache full:https://registry.npmjs.org/punycode set size:undefined disposed:false
138 silly placeDep ROOT punycode@2.3.1 OK for: tr46@5.1.1 want: ^2.3.1
139 silly placeDep node_modules/mquery ms@2.1.3 OK for: debug@4.4.1 want: ^2.1.3
140 silly reify mark retired [
140 silly reify   'C:\\Users\\hp\\Desktop\\node-express-course\\03-task-manager\\starter\\node_modules\\@types\\bson'
140 silly reify ]
141 silly reify mark retired [
141 silly reify   'C:\\Users\\hp\\Desktop\\node-express-course\\03-task-manager\\starter\\node_modules\\@types\\mongodb'
141 silly reify ]
142 silly reify mark retired [
142 silly reify   'C:\\Users\\hp\\Desktop\\node-express-course\\03-task-manager\\starter\\node_modules\\@types\\node'
142 silly reify ]
143 silly reify mark retired [
143 silly reify   'C:\\Users\\hp\\Desktop\\node-express-course\\03-task-manager\\starter\\node_modules\\bl'
143 silly reify ]
144 silly reify mark retired [
144 silly reify   'C:\\Users\\hp\\Desktop\\node-express-course\\03-task-manager\\starter\\node_modules\\bluebird'
144 silly reify ]
145 silly reify mark retired [
145 silly reify   'C:\\Users\\hp\\Desktop\\node-express-course\\03-task-manager\\starter\\node_modules\\bson'
145 silly reify ]
146 silly reify mark retired [
146 silly reify   'C:\\Users\\hp\\Desktop\\node-express-course\\03-task-manager\\starter\\node_modules\\core-util-is'
146 silly reify ]
147 silly reify mark retired [
147 silly reify   'C:\\Users\\hp\\Desktop\\node-express-course\\03-task-manager\\starter\\node_modules\\denque'
147 silly reify ]
148 silly reify mark retired [
148 silly reify   'C:\\Users\\hp\\Desktop\\node-express-course\\03-task-manager\\starter\\node_modules\\isarray'
148 silly reify ]
149 silly reify mark retired [
149 silly reify   'C:\\Users\\hp\\Desktop\\node-express-course\\03-task-manager\\starter\\node_modules\\kareem'
149 silly reify ]
150 silly reify mark retired [
150 silly reify   'C:\\Users\\hp\\Desktop\\node-express-course\\03-task-manager\\starter\\node_modules\\mongodb'
150 silly reify ]
151 silly reify mark retired [
151 silly reify   'C:\\Users\\hp\\Desktop\\node-express-course\\03-task-manager\\starter\\node_modules\\mongoose'
151 silly reify ]
152 silly reify mark retired [
152 silly reify   'C:\\Users\\hp\\Desktop\\node-express-course\\03-task-manager\\starter\\node_modules\\mongoose-legacy-pluralize'
152 silly reify ]
153 silly reify mark retired [
153 silly reify   'C:\\Users\\hp\\Desktop\\node-express-course\\03-task-manager\\starter\\node_modules\\mpath'
153 silly reify ]
154 silly reify mark retired [
154 silly reify   'C:\\Users\\hp\\Desktop\\node-express-course\\03-task-manager\\starter\\node_modules\\mquery'
154 silly reify ]
155 silly reify mark retired [
155 silly reify   'C:\\Users\\hp\\Desktop\\node-express-course\\03-task-manager\\starter\\node_modules\\optional-require'
155 silly reify ]
156 silly reify mark retired [
156 silly reify   'C:\\Users\\hp\\Desktop\\node-express-course\\03-task-manager\\starter\\node_modules\\process-nextick-args'
156 silly reify ]
157 silly reify mark retired [
157 silly reify   'C:\\Users\\hp\\Desktop\\node-express-course\\03-task-manager\\starter\\node_modules\\readable-stream'
157 silly reify ]
158 silly reify mark retired [
158 silly reify   'C:\\Users\\hp\\Desktop\\node-express-course\\03-task-manager\\starter\\node_modules\\regexp-clone'
158 silly reify ]
159 silly reify mark retired [
159 silly reify   'C:\\Users\\hp\\Desktop\\node-express-course\\03-task-manager\\starter\\node_modules\\require-at'
159 silly reify ]
160 silly reify mark retired [
160 silly reify   'C:\\Users\\hp\\Desktop\\node-express-course\\03-task-manager\\starter\\node_modules\\saslprep'
160 silly reify ]
161 silly reify mark retired [
161 silly reify   'C:\\Users\\hp\\Desktop\\node-express-course\\03-task-manager\\starter\\node_modules\\sift'
161 silly reify ]
162 silly reify mark retired [
162 silly reify   'C:\\Users\\hp\\Desktop\\node-express-course\\03-task-manager\\starter\\node_modules\\sliced'
162 silly reify ]
163 silly reify mark retired [
163 silly reify   'C:\\Users\\hp\\Desktop\\node-express-course\\03-task-manager\\starter\\node_modules\\string_decoder'
163 silly reify ]
164 silly reify mark retired [
164 silly reify   'C:\\Users\\hp\\Desktop\\node-express-course\\03-task-manager\\starter\\node_modules\\undici-types'
164 silly reify ]
165 silly reify mark retired [
165 silly reify   'C:\\Users\\hp\\Desktop\\node-express-course\\03-task-manager\\starter\\node_modules\\util-deprecate'
165 silly reify ]
166 silly reify moves {
166 silly reify   'C:\\Users\\hp\\Desktop\\node-express-course\\03-task-manager\\starter\\node_modules\\@types\\bson': 'C:\\Users\\hp\\Desktop\\node-express-course\\03-task-manager\\starter\\node_modules\\@types\\.bson-PKR0UVGh',
166 silly reify   'C:\\Users\\hp\\Desktop\\node-express-course\\03-task-manager\\starter\\node_modules\\@types\\mongodb': 'C:\\Users\\hp\\Desktop\\node-express-course\\03-task-manager\\starter\\node_modules\\@types\\.mongodb-e8LePsuz',
166 silly reify   'C:\\Users\\hp\\Desktop\\node-express-course\\03-task-manager\\starter\\node_modules\\@types\\node': 'C:\\Users\\hp\\Desktop\\node-express-course\\03-task-manager\\starter\\node_modules\\@types\\.node-k6Jb1wdn',
166 silly reify   'C:\\Users\\hp\\Desktop\\node-express-course\\03-task-manager\\starter\\node_modules\\bl': 'C:\\Users\\hp\\Desktop\\node-express-course\\03-task-manager\\starter\\node_modules\\.bl-VysjXgjO',
166 silly reify   'C:\\Users\\hp\\Desktop\\node-express-course\\03-task-manager\\starter\\node_modules\\bluebird': 'C:\\Users\\hp\\Desktop\\node-express-course\\03-task-manager\\starter\\node_modules\\.bluebird-z28GvKgm',
166 silly reify   'C:\\Users\\hp\\Desktop\\node-express-course\\03-task-manager\\starter\\node_modules\\bson': 'C:\\Users\\hp\\Desktop\\node-express-course\\03-task-manager\\starter\\node_modules\\.bson-qINY2jLI',
166 silly reify   'C:\\Users\\hp\\Desktop\\node-express-course\\03-task-manager\\starter\\node_modules\\core-util-is': 'C:\\Users\\hp\\Desktop\\node-express-course\\03-task-manager\\starter\\node_modules\\.core-util-is-MMAZdXil',
166 silly reify   'C:\\Users\\hp\\Desktop\\node-express-course\\03-task-manager\\starter\\node_modules\\denque': 'C:\\Users\\hp\\Desktop\\node-express-course\\03-task-manager\\starter\\node_modules\\.denque-gBdJJdzh',
166 silly reify   'C:\\Users\\hp\\Desktop\\node-express-course\\03-task-manager\\starter\\node_modules\\isarray': 'C:\\Users\\hp\\Desktop\\node-express-course\\03-task-manager\\starter\\node_modules\\.isarray-cyW9i7J5',
166 silly reify   'C:\\Users\\hp\\Desktop\\node-express-course\\03-task-manager\\starter\\node_modules\\kareem': 'C:\\Users\\hp\\Desktop\\node-express-course\\03-task-manager\\starter\\node_modules\\.kareem-pqpSNeur',
166 silly reify   'C:\\Users\\hp\\Desktop\\node-express-course\\03-task-manager\\starter\\node_modules\\mongodb': 'C:\\Users\\hp\\Desktop\\node-express-course\\03-task-manager\\starter\\node_modules\\.mongodb-AveXf16p',
166 silly reify   'C:\\Users\\hp\\Desktop\\node-express-course\\03-task-manager\\starter\\node_modules\\mongoose': 'C:\\Users\\hp\\Desktop\\node-express-course\\03-task-manager\\starter\\node_modules\\.mongoose-VbhEPnfX',
166 silly reify   'C:\\Users\\hp\\Desktop\\node-express-course\\03-task-manager\\starter\\node_modules\\mongoose-legacy-pluralize': 'C:\\Users\\hp\\Desktop\\node-express-course\\03-task-manager\\starter\\node_modules\\.mongoose-legacy-pluralize-JVa7iwtG',
166 silly reify   'C:\\Users\\hp\\Desktop\\node-express-course\\03-task-manager\\starter\\node_modules\\mpath': 'C:\\Users\\hp\\Desktop\\node-express-course\\03-task-manager\\starter\\node_modules\\.mpath-i3HJFlFK',
166 silly reify   'C:\\Users\\hp\\Desktop\\node-express-course\\03-task-manager\\starter\\node_modules\\mquery': 'C:\\Users\\hp\\Desktop\\node-express-course\\03-task-manager\\starter\\node_modules\\.mquery-KxiQTW11',
166 silly reify   'C:\\Users\\hp\\Desktop\\node-express-course\\03-task-manager\\starter\\node_modules\\optional-require': 'C:\\Users\\hp\\Desktop\\node-express-course\\03-task-manager\\starter\\node_modules\\.optional-require-n7jjEHGp',
166 silly reify   'C:\\Users\\hp\\Desktop\\node-express-course\\03-task-manager\\starter\\node_modules\\process-nextick-args': 'C:\\Users\\hp\\Desktop\\node-express-course\\03-task-manager\\starter\\node_modules\\.process-nextick-args-eiAHXiOf',
166 silly reify   'C:\\Users\\hp\\Desktop\\node-express-course\\03-task-manager\\starter\\node_modules\\readable-stream': 'C:\\Users\\hp\\Desktop\\node-express-course\\03-task-manager\\starter\\node_modules\\.readable-stream-8VPvxQnw',
166 silly reify   'C:\\Users\\hp\\Desktop\\node-express-course\\03-task-manager\\starter\\node_modules\\regexp-clone': 'C:\\Users\\hp\\Desktop\\node-express-course\\03-task-manager\\starter\\node_modules\\.regexp-clone-LTK7jgHn',
166 silly reify   'C:\\Users\\hp\\Desktop\\node-express-course\\03-task-manager\\starter\\node_modules\\require-at': 'C:\\Users\\hp\\Desktop\\node-express-course\\03-task-manager\\starter\\node_modules\\.require-at-m7HNvqNQ',
166 silly reify   'C:\\Users\\hp\\Desktop\\node-express-course\\03-task-manager\\starter\\node_modules\\saslprep': 'C:\\Users\\hp\\Desktop\\node-express-course\\03-task-manager\\starter\\node_modules\\.saslprep-ITfdyrJF',
166 silly reify   'C:\\Users\\hp\\Desktop\\node-express-course\\03-task-manager\\starter\\node_modules\\sift': 'C:\\Users\\hp\\Desktop\\node-express-course\\03-task-manager\\starter\\node_modules\\.sift-gtPF7L6g',
166 silly reify   'C:\\Users\\hp\\Desktop\\node-express-course\\03-task-manager\\starter\\node_modules\\sliced': 'C:\\Users\\hp\\Desktop\\node-express-course\\03-task-manager\\starter\\node_modules\\.sliced-uH7s41No',
166 silly reify   'C:\\Users\\hp\\Desktop\\node-express-course\\03-task-manager\\starter\\node_modules\\string_decoder': 'C:\\Users\\hp\\Desktop\\node-express-course\\03-task-manager\\starter\\node_modules\\.string_decoder-FAefaofO',
166 silly reify   'C:\\Users\\hp\\Desktop\\node-express-course\\03-task-manager\\starter\\node_modules\\undici-types': 'C:\\Users\\hp\\Desktop\\node-express-course\\03-task-manager\\starter\\node_modules\\.undici-types-lRB63M7x',
166 silly reify   'C:\\Users\\hp\\Desktop\\node-express-course\\03-task-manager\\starter\\node_modules\\util-deprecate': 'C:\\Users\\hp\\Desktop\\node-express-course\\03-task-manager\\starter\\node_modules\\.util-deprecate-GmLluPbg'
166 silly reify }
167 silly audit bulk request {
167 silly audit   accepts: [ '1.3.8' ],
167 silly audit   anymatch: [ '3.1.3' ],
167 silly audit   'array-flatten': [ '1.1.1' ],
167 silly audit   'balanced-match': [ '1.0.2' ],
167 silly audit   'binary-extensions': [ '2.3.0' ],
167 silly audit   'body-parser': [ '1.20.3' ],
167 silly audit   'brace-expansion': [ '1.1.12' ],
167 silly audit   braces: [ '3.0.3' ],
167 silly audit   bytes: [ '3.1.2' ],
167 silly audit   'call-bind-apply-helpers': [ '1.0.2' ],
167 silly audit   'call-bound': [ '1.0.4' ],
167 silly audit   chokidar: [ '3.6.0' ],
167 silly audit   'concat-map': [ '0.0.1' ],
167 silly audit   'content-disposition': [ '0.5.4' ],
167 silly audit   'content-type': [ '1.0.5' ],
167 silly audit   cookie: [ '0.7.1' ],
167 silly audit   'cookie-signature': [ '1.0.6' ],
167 silly audit   debug: [ '2.6.9', '3.2.7', '4.4.1' ],
167 silly audit   depd: [ '2.0.0' ],
167 silly audit   destroy: [ '1.2.0' ],
167 silly audit   dotenv: [ '8.6.0' ],
167 silly audit   'dunder-proto': [ '1.0.1' ],
167 silly audit   'ee-first': [ '1.1.1' ],
167 silly audit   encodeurl: [ '2.0.0', '1.0.2' ],
167 silly audit   'es-define-property': [ '1.0.1' ],
167 silly audit   'es-errors': [ '1.3.0' ],
167 silly audit   'es-object-atoms': [ '1.1.1' ],
167 silly audit   'escape-html': [ '1.0.3' ],
167 silly audit   etag: [ '1.8.1' ],
167 silly audit   express: [ '4.21.2' ],
167 silly audit   'fill-range': [ '7.1.1' ],
167 silly audit   finalhandler: [ '1.3.1' ],
167 silly audit   forwarded: [ '0.2.0' ],
167 silly audit   fresh: [ '0.5.2' ],
167 silly audit   fsevents: [ '2.3.3' ],
167 silly audit   'function-bind': [ '1.1.2' ],
167 silly audit   'get-intrinsic': [ '1.3.0' ],
167 silly audit   'get-proto': [ '1.0.1' ],
167 silly audit   'glob-parent': [ '5.1.2' ],
167 silly audit   gopd: [ '1.2.0' ],
167 silly audit   'has-flag': [ '3.0.0' ],
167 silly audit   'has-symbols': [ '1.1.0' ],
167 silly audit   hasown: [ '2.0.2' ],
167 silly audit   'http-errors': [ '2.0.0' ],
167 silly audit   'iconv-lite': [ '0.4.24' ],
167 silly audit   'ignore-by-default': [ '1.0.1' ],
167 silly audit   inherits: [ '2.0.4' ],
167 silly audit   'ipaddr.js': [ '1.9.1' ],
167 silly audit   'is-binary-path': [ '2.1.0' ],
167 silly audit   'is-extglob': [ '2.1.1' ],
167 silly audit   'is-glob': [ '4.0.3' ],
167 silly audit   'is-number': [ '7.0.0' ],
167 silly audit   'math-intrinsics': [ '1.1.0' ],
167 silly audit   'media-typer': [ '0.3.0' ],
167 silly audit   'merge-descriptors': [ '1.0.3' ],
167 silly audit   methods: [ '1.1.2' ],
167 silly audit   mime: [ '1.6.0' ],
167 silly audit   'mime-db': [ '1.52.0' ],
167 silly audit   'mime-types': [ '2.1.35' ],
167 silly audit   minimatch: [ '3.1.2' ],
167 silly audit   ms: [ '2.0.0', '2.1.3' ],
167 silly audit   'safe-buffer': [ '5.2.1' ],
167 silly audit   negotiator: [ '0.6.3' ],
167 silly audit   nodemon: [ '2.0.22' ],
167 silly audit   'normalize-path': [ '3.0.0' ],
167 silly audit   'object-inspect': [ '1.13.4' ],
167 silly audit   'on-finished': [ '2.4.1' ],
167 silly audit   parseurl: [ '1.3.3' ],
167 silly audit   'path-to-regexp': [ '0.1.12' ],
167 silly audit   picomatch: [ '2.3.1' ],
167 silly audit   'proxy-addr': [ '2.0.7' ],
167 silly audit   'pstree.remy': [ '1.1.8' ],
167 silly audit   qs: [ '6.13.0' ],
167 silly audit   'range-parser': [ '1.2.1' ],
167 silly audit   'raw-body': [ '2.5.2' ],
167 silly audit   readdirp: [ '3.6.0' ],
167 silly audit   'safer-buffer': [ '2.1.2' ],
167 silly audit   semver: [ '5.7.2', '7.0.0' ],
167 silly audit   send: [ '0.19.0' ],
167 silly audit   'serve-static': [ '1.16.2' ],
167 silly audit   setprototypeof: [ '1.2.0' ],
167 silly audit   'side-channel': [ '1.1.0' ],
167 silly audit   'side-channel-list': [ '1.0.0' ],
167 silly audit   'side-channel-map': [ '1.0.1' ],
167 silly audit   'side-channel-weakmap': [ '1.0.2' ],
167 silly audit   'simple-update-notifier': [ '1.1.0' ],
167 silly audit   statuses: [ '2.0.1' ],
167 silly audit   'supports-color': [ '5.5.0' ],
167 silly audit   'to-regex-range': [ '5.0.1' ],
167 silly audit   toidentifier: [ '1.0.1' ],
167 silly audit   touch: [ '3.1.1' ],
167 silly audit   'type-is': [ '1.6.18' ],
167 silly audit   undefsafe: [ '2.0.5' ],
167 silly audit   unpipe: [ '1.0.0' ],
167 silly audit   'utils-merge': [ '1.0.1' ],
167 silly audit   vary: [ '1.1.2' ],
167 silly audit   mongoose: [ '8.17.1' ],
167 silly audit   bson: [ '6.10.4' ],
167 silly audit   kareem: [ '2.6.3' ],
167 silly audit   mongodb: [ '6.18.0' ],
167 silly audit   mpath: [ '0.9.0' ],
167 silly audit   mquery: [ '5.0.0' ],
167 silly audit   sift: [ '17.1.3' ],
167 silly audit   '@mongodb-js/saslprep': [ '1.3.0' ],
167 silly audit   'mongodb-connection-string-url': [ '3.0.2' ],
167 silly audit   'sparse-bitfield': [ '3.0.3' ],
167 silly audit   '@types/whatwg-url': [ '11.0.5' ],
167 silly audit   'whatwg-url': [ '14.2.0' ],
167 silly audit   '@types/webidl-conversions': [ '7.0.3' ],
167 silly audit   'memory-pager': [ '1.5.0' ],
167 silly audit   tr46: [ '5.1.1' ],
167 silly audit   'webidl-conversions': [ '7.0.0' ],
167 silly audit   punycode: [ '2.3.1' ]
167 silly audit }
168 http cache mongodb@https://registry.npmjs.org/mongodb/-/mongodb-6.18.0.tgz 0ms (cache hit)
169 http cache @types/webidl-conversions@https://registry.npmjs.org/@types/webidl-conversions/-/webidl-conversions-7.0.3.tgz 0ms (cache hit)
170 http cache @types/whatwg-url@https://registry.npmjs.org/@types/whatwg-url/-/whatwg-url-11.0.5.tgz 0ms (cache hit)
171 http cache webidl-conversions@https://registry.npmjs.org/webidl-conversions/-/webidl-conversions-7.0.0.tgz 0ms (cache hit)
172 http cache punycode@https://registry.npmjs.org/punycode/-/punycode-2.3.1.tgz 0ms (cache hit)
173 http cache whatwg-url@https://registry.npmjs.org/whatwg-url/-/whatwg-url-14.2.0.tgz 0ms (cache hit)
174 http cache mongodb-connection-string-url@https://registry.npmjs.org/mongodb-connection-string-url/-/mongodb-connection-string-url-3.0.2.tgz 0ms (cache hit)
175 http cache mpath@https://registry.npmjs.org/mpath/-/mpath-0.9.0.tgz 0ms (cache hit)
176 http cache tr46@https://registry.npmjs.org/tr46/-/tr46-5.1.1.tgz 0ms (cache hit)
177 http cache @mongodb-js/saslprep@https://registry.npmjs.org/@mongodb-js/saslprep/-/saslprep-1.3.0.tgz 0ms (cache hit)
178 http cache mquery@https://registry.npmjs.org/mquery/-/mquery-5.0.0.tgz 0ms (cache hit)
179 http cache sift@https://registry.npmjs.org/sift/-/sift-17.1.3.tgz 0ms (cache hit)
180 http cache ms@https://registry.npmjs.org/ms/-/ms-2.1.3.tgz 0ms (cache hit)
181 http cache debug@https://registry.npmjs.org/debug/-/debug-4.4.1.tgz 0ms (cache hit)
182 http cache mongoose@https://registry.npmjs.org/mongoose/-/mongoose-8.17.1.tgz 0ms (cache hit)
183 http cache ms@https://registry.npmjs.org/ms/-/ms-2.1.3.tgz 0ms (cache hit)
184 silly tarball no local data for mongodb@https://registry.npmjs.org/mongodb/-/mongodb-6.18.0.tgz. Extracting by manifest.
185 silly tarball no local data for @types/webidl-conversions@https://registry.npmjs.org/@types/webidl-conversions/-/webidl-conversions-7.0.3.tgz. Extracting by manifest.
186 silly tarball no local data for @types/whatwg-url@https://registry.npmjs.org/@types/whatwg-url/-/whatwg-url-11.0.5.tgz. Extracting by manifest.
187 http cache kareem@https://registry.npmjs.org/kareem/-/kareem-2.6.3.tgz 0ms (cache hit)
188 silly tarball no local data for webidl-conversions@https://registry.npmjs.org/webidl-conversions/-/webidl-conversions-7.0.0.tgz. Extracting by manifest.
189 http cache bson@https://registry.npmjs.org/bson/-/bson-6.10.4.tgz 0ms (cache hit)
190 silly tarball no local data for punycode@https://registry.npmjs.org/punycode/-/punycode-2.3.1.tgz. Extracting by manifest.
191 silly tarball no local data for whatwg-url@https://registry.npmjs.org/whatwg-url/-/whatwg-url-14.2.0.tgz. Extracting by manifest.
192 silly tarball no local data for mongodb-connection-string-url@https://registry.npmjs.org/mongodb-connection-string-url/-/mongodb-connection-string-url-3.0.2.tgz. Extracting by manifest.
193 silly tarball no local data for mpath@https://registry.npmjs.org/mpath/-/mpath-0.9.0.tgz. Extracting by manifest.
194 silly tarball no local data for tr46@https://registry.npmjs.org/tr46/-/tr46-5.1.1.tgz. Extracting by manifest.
195 silly tarball no local data for @mongodb-js/saslprep@https://registry.npmjs.org/@mongodb-js/saslprep/-/saslprep-1.3.0.tgz. Extracting by manifest.
196 silly tarball no local data for mquery@https://registry.npmjs.org/mquery/-/mquery-5.0.0.tgz. Extracting by manifest.
197 silly tarball no local data for sift@https://registry.npmjs.org/sift/-/sift-17.1.3.tgz. Extracting by manifest.
198 silly tarball no local data for debug@https://registry.npmjs.org/debug/-/debug-4.4.1.tgz. Extracting by manifest.
199 silly tarball no local data for mongoose@https://registry.npmjs.org/mongoose/-/mongoose-8.17.1.tgz. Extracting by manifest.
200 silly tarball no local data for kareem@https://registry.npmjs.org/kareem/-/kareem-2.6.3.tgz. Extracting by manifest.
201 silly tarball no local data for bson@https://registry.npmjs.org/bson/-/bson-6.10.4.tgz. Extracting by manifest.
202 http fetch GET 200 https://registry.npmjs.org/@types/whatwg-url/-/whatwg-url-11.0.5.tgz 143ms (cache miss)
203 http fetch GET 200 https://registry.npmjs.org/@types/webidl-conversions/-/webidl-conversions-7.0.3.tgz 146ms (cache miss)
204 http fetch GET 200 https://registry.npmjs.org/webidl-conversions/-/webidl-conversions-7.0.0.tgz 147ms (cache miss)
205 http fetch GET 200 https://registry.npmjs.org/punycode/-/punycode-2.3.1.tgz 148ms (cache miss)
206 http fetch GET 200 https://registry.npmjs.org/whatwg-url/-/whatwg-url-14.2.0.tgz 169ms (cache miss)
207 http fetch GET 200 https://registry.npmjs.org/kareem/-/kareem-2.6.3.tgz 213ms (cache miss)
208 http fetch POST 200 https://registry.npmjs.org/-/npm/v1/security/advisories/bulk 388ms
209 silly audit report {
209 silly audit report   semver: [
209 silly audit report     {
209 silly audit report       id: 1101088,
209 silly audit report       url: 'https://github.com/advisories/GHSA-c2qf-rxjj-qqgw',
209 silly audit report       title: 'semver vulnerable to Regular Expression Denial of Service',
209 silly audit report       severity: 'high',
209 silly audit report       vulnerable_versions: '>=7.0.0 <7.5.2',
209 silly audit report       cwe: [Array],
209 silly audit report       cvss: [Object]
209 silly audit report     }
209 silly audit report   ]
209 silly audit report }
210 silly packumentCache corgi:https://registry.npmjs.org/semver cache-miss
211 http fetch GET 200 https://registry.npmjs.org/mpath/-/mpath-0.9.0.tgz 381ms (cache miss)
212 http fetch GET 200 https://registry.npmjs.org/mquery/-/mquery-5.0.0.tgz 389ms (cache miss)
213 http fetch GET 200 https://registry.npmjs.org/debug/-/debug-4.4.1.tgz 427ms (cache miss)
214 http fetch GET 200 https://registry.npmjs.org/mongodb-connection-string-url/-/mongodb-connection-string-url-3.0.2.tgz 504ms (cache miss)
215 http fetch GET 200 https://registry.npmjs.org/semver 237ms (cache revalidated)
216 silly packumentCache corgi:https://registry.npmjs.org/semver set size:94787 disposed:false
217 silly packumentCache corgi:https://registry.npmjs.org/simple-update-notifier cache-miss
218 http fetch GET 200 https://registry.npmjs.org/tr46/-/tr46-5.1.1.tgz 629ms (cache miss)
219 http fetch GET 200 https://registry.npmjs.org/sift/-/sift-17.1.3.tgz 650ms (cache miss)
220 http fetch GET 200 https://registry.npmjs.org/bson/-/bson-6.10.4.tgz 688ms (cache miss)
221 http fetch GET 200 https://registry.npmjs.org/simple-update-notifier 85ms (cache revalidated)
222 silly packumentCache corgi:https://registry.npmjs.org/simple-update-notifier set size:21489 disposed:false
223 silly packumentCache corgi:https://registry.npmjs.org/nodemon cache-miss
224 http fetch GET 200 https://registry.npmjs.org/nodemon 133ms (cache revalidated)
225 silly packumentCache corgi:https://registry.npmjs.org/nodemon set size:277481 disposed:false
226 http fetch GET 200 https://registry.npmjs.org/mongodb/-/mongodb-6.18.0.tgz 873ms (cache miss)
227 http fetch GET 200 https://registry.npmjs.org/mongoose/-/mongoose-8.17.1.tgz 1032ms (cache miss)
228 http fetch GET 200 https://registry.npmjs.org/@mongodb-js/saslprep/-/saslprep-1.3.0.tgz 1481ms (cache miss)
229 silly ADD node_modules/punycode
230 silly ADD node_modules/webidl-conversions
231 silly ADD node_modules/tr46
232 silly ADD node_modules/@types/webidl-conversions
233 silly ADD node_modules/whatwg-url
234 silly ADD node_modules/@types/whatwg-url
235 silly ADD node_modules/mongodb-connection-string-url
236 silly ADD node_modules/@mongodb-js/saslprep
237 silly REMOVE node_modules/util-deprecate
238 silly REMOVE node_modules/undici-types
239 silly REMOVE node_modules/string_decoder
240 silly REMOVE node_modules/string_decoder/node_modules/safe-buffer
241 silly REMOVE node_modules/sliced
242 silly CHANGE node_modules/sift
243 silly REMOVE node_modules/saslprep
244 silly REMOVE node_modules/require-at
245 silly REMOVE node_modules/regexp-clone
246 silly REMOVE node_modules/readable-stream
247 silly REMOVE node_modules/readable-stream/node_modules/safe-buffer
248 silly REMOVE node_modules/process-nextick-args
249 silly REMOVE node_modules/optional-require
250 silly CHANGE node_modules/mquery
251 silly ADD node_modules/mquery/node_modules/ms
252 silly REMOVE node_modules/mquery/node_modules/safe-buffer
253 silly CHANGE node_modules/mquery/node_modules/debug
254 silly CHANGE node_modules/mpath
255 silly REMOVE node_modules/mongoose-legacy-pluralize
256 silly CHANGE node_modules/mongoose
257 silly CHANGE node_modules/mongoose/node_modules/ms
258 silly CHANGE node_modules/mongodb
259 silly REMOVE node_modules/mongodb/node_modules/optional-require
260 silly CHANGE node_modules/kareem
261 silly REMOVE node_modules/isarray
262 silly REMOVE node_modules/denque
263 silly REMOVE node_modules/core-util-is
264 silly CHANGE node_modules/bson
265 silly REMOVE node_modules/bluebird
266 silly REMOVE node_modules/bl
267 silly REMOVE node_modules/@types/node
268 silly REMOVE node_modules/@types/mongodb
269 silly REMOVE node_modules/@types/bson
270 verbose cwd C:\Users\hp\Desktop\node-express-course\03-task-manager\starter
271 verbose os Windows_NT 10.0.26100
272 verbose node v22.16.0
273 verbose npm  v11.5.1
274 verbose exit 0
275 info ok
